<?xml version="1.0" encoding="UTF-8"?>
<coverage generated="1545790764014" clover="3.2.0">
  <project timestamp="1545790764014" name="All files">
    <metrics statements="634" coveredstatements="19" conditionals="252" coveredconditionals="9" methods="213" coveredmethods="4" elements="1099" coveredelements="32" complexity="0" loc="634" ncloc="634" packages="5" files="21" classes="21">
      <package name="components.common">
        <metrics statements="28" coveredstatements="0" conditionals="0" coveredconditionals="0" methods="19" coveredmethods="0"/>
        <file name="EventHub.js" path="C:\Users\G8235\project\本番コード\frontend\connect.TIME\src\components\common\EventHub.js">
          <metrics statements="2" coveredstatements="0" conditionals="0" coveredconditionals="0" methods="0" coveredmethods="0"/>
          <line num="3" count="0" type="stmt"/>
          <line num="5" count="0" type="stmt"/>
        </file>
        <file name="TimeHeader.vue" path="C:\Users\G8235\project\本番コード\frontend\connect.TIME\src\components\common\TimeHeader.vue">
          <metrics statements="9" coveredstatements="0" conditionals="0" coveredconditionals="0" methods="7" coveredmethods="0"/>
          <line num="18" count="0" type="stmt"/>
          <line num="22" count="0" type="stmt"/>
          <line num="29" count="0" type="stmt"/>
          <line num="30" count="0" type="stmt"/>
          <line num="33" count="0" type="stmt"/>
          <line num="36" count="0" type="stmt"/>
          <line num="39" count="0" type="stmt"/>
          <line num="40" count="0" type="stmt"/>
          <line num="41" count="0" type="stmt"/>
        </file>
        <file name="TimeHome.vue" path="C:\Users\G8235\project\本番コード\frontend\connect.TIME\src\components\common\TimeHome.vue">
          <metrics statements="7" coveredstatements="0" conditionals="0" coveredconditionals="0" methods="4" coveredmethods="0"/>
          <line num="13" count="0" type="stmt"/>
          <line num="14" count="0" type="stmt"/>
          <line num="15" count="0" type="stmt"/>
          <line num="23" count="0" type="stmt"/>
          <line num="30" count="0" type="stmt"/>
          <line num="31" count="0" type="stmt"/>
          <line num="32" count="0" type="stmt"/>
        </file>
        <file name="TimeSidebar.vue" path="C:\Users\G8235\project\本番コード\frontend\connect.TIME\src\components\common\TimeSidebar.vue">
          <metrics statements="10" coveredstatements="0" conditionals="0" coveredconditionals="0" methods="8" coveredmethods="0"/>
          <line num="33" count="0" type="stmt"/>
          <line num="37" count="0" type="stmt"/>
          <line num="72" count="0" type="stmt"/>
          <line num="73" count="0" type="stmt"/>
          <line num="76" count="0" type="stmt"/>
          <line num="79" count="0" type="stmt"/>
          <line num="82" count="0" type="stmt"/>
          <line num="83" count="0" type="stmt"/>
          <line num="84" count="0" type="stmt"/>
          <line num="94" count="0" type="stmt"/>
        </file>
      </package>
      <package name="components.pages">
        <metrics statements="557" coveredstatements="0" conditionals="243" coveredconditionals="0" methods="166" coveredmethods="0"/>
        <file name="Dashboard.vue" path="C:\Users\G8235\project\本番コード\frontend\connect.TIME\src\components\pages\Dashboard.vue">
          <metrics statements="1" coveredstatements="0" conditionals="0" coveredconditionals="0" methods="3" coveredmethods="0"/>
          <line num="11" count="0" type="stmt"/>
        </file>
        <file name="IncidentsDetail.vue" path="C:\Users\G8235\project\本番コード\frontend\connect.TIME\src\components\pages\IncidentsDetail.vue">
          <metrics statements="143" coveredstatements="0" conditionals="46" coveredconditionals="0" methods="50" coveredmethods="0"/>
          <line num="140" count="0" type="stmt"/>
          <line num="144" count="0" type="stmt"/>
          <line num="297" count="0" type="cond" truecount="0" falsecount="2"/>
          <line num="298" count="0" type="stmt"/>
          <line num="300" count="0" type="stmt"/>
          <line num="301" count="0" type="cond" truecount="0" falsecount="2"/>
          <line num="302" count="0" type="stmt"/>
          <line num="303" count="0" type="stmt"/>
          <line num="304" count="0" type="stmt"/>
          <line num="306" count="0" type="stmt"/>
          <line num="312" count="0" type="cond" truecount="0" falsecount="2"/>
          <line num="313" count="0" type="stmt"/>
          <line num="315" count="0" type="stmt"/>
          <line num="316" count="0" type="cond" truecount="0" falsecount="2"/>
          <line num="317" count="0" type="stmt"/>
          <line num="318" count="0" type="stmt"/>
          <line num="319" count="0" type="stmt"/>
          <line num="321" count="0" type="stmt"/>
          <line num="329" count="0" type="stmt"/>
          <line num="330" count="0" type="stmt"/>
          <line num="331" count="0" type="stmt"/>
          <line num="332" count="0" type="stmt"/>
          <line num="333" count="0" type="stmt"/>
          <line num="334" count="0" type="stmt"/>
          <line num="337" count="0" type="stmt"/>
          <line num="338" count="0" type="stmt"/>
          <line num="342" count="0" type="cond" truecount="0" falsecount="2"/>
          <line num="343" count="0" type="stmt"/>
          <line num="344" count="0" type="stmt"/>
          <line num="345" count="0" type="stmt"/>
          <line num="346" count="0" type="stmt"/>
          <line num="353" count="0" type="stmt"/>
          <line num="357" count="0" type="stmt"/>
          <line num="358" count="0" type="stmt"/>
          <line num="359" count="0" type="stmt"/>
          <line num="360" count="0" type="stmt"/>
          <line num="362" count="0" type="stmt"/>
          <line num="363" count="0" type="stmt"/>
          <line num="364" count="0" type="stmt"/>
          <line num="366" count="0" type="stmt"/>
          <line num="367" count="0" type="stmt"/>
          <line num="368" count="0" type="stmt"/>
          <line num="370" count="0" type="stmt"/>
          <line num="371" count="0" type="stmt"/>
          <line num="372" count="0" type="stmt"/>
          <line num="374" count="0" type="stmt"/>
          <line num="377" count="0" type="stmt"/>
          <line num="378" count="0" type="cond" truecount="0" falsecount="2"/>
          <line num="379" count="0" type="stmt"/>
          <line num="382" count="0" type="stmt"/>
          <line num="383" count="0" type="stmt"/>
          <line num="387" count="0" type="cond" truecount="0" falsecount="2"/>
          <line num="393" count="0" type="stmt"/>
          <line num="394" count="0" type="stmt"/>
          <line num="395" count="0" type="stmt"/>
          <line num="396" count="0" type="stmt"/>
          <line num="404" count="0" type="stmt"/>
          <line num="405" count="0" type="stmt"/>
          <line num="413" count="0" type="stmt"/>
          <line num="417" count="0" type="stmt"/>
          <line num="418" count="0" type="stmt"/>
          <line num="422" count="0" type="cond" truecount="0" falsecount="2"/>
          <line num="423" count="0" type="stmt"/>
          <line num="424" count="0" type="stmt"/>
          <line num="425" count="0" type="stmt"/>
          <line num="426" count="0" type="stmt"/>
          <line num="433" count="0" type="stmt"/>
          <line num="434" count="0" type="stmt"/>
          <line num="442" count="0" type="stmt"/>
          <line num="446" count="0" type="stmt"/>
          <line num="447" count="0" type="stmt"/>
          <line num="451" count="0" type="cond" truecount="0" falsecount="2"/>
          <line num="452" count="0" type="stmt"/>
          <line num="453" count="0" type="stmt"/>
          <line num="454" count="0" type="stmt"/>
          <line num="455" count="0" type="stmt"/>
          <line num="462" count="0" type="stmt"/>
          <line num="463" count="0" type="stmt"/>
          <line num="471" count="0" type="stmt"/>
          <line num="475" count="0" type="stmt"/>
          <line num="476" count="0" type="stmt"/>
          <line num="480" count="0" type="cond" truecount="0" falsecount="2"/>
          <line num="483" count="0" type="stmt"/>
          <line num="484" count="0" type="cond" truecount="0" falsecount="2"/>
          <line num="485" count="0" type="stmt"/>
          <line num="486" count="0" type="stmt"/>
          <line num="487" count="0" type="stmt"/>
          <line num="495" count="0" type="stmt"/>
          <line num="496" count="0" type="stmt"/>
          <line num="499" count="0" type="stmt"/>
          <line num="500" count="0" type="cond" truecount="0" falsecount="2"/>
          <line num="501" count="0" type="stmt"/>
          <line num="503" count="0" type="stmt"/>
          <line num="511" count="0" type="stmt"/>
          <line num="515" count="0" type="stmt"/>
          <line num="516" count="0" type="stmt"/>
          <line num="520" count="0" type="cond" truecount="0" falsecount="2"/>
          <line num="523" count="0" type="stmt"/>
          <line num="524" count="0" type="stmt"/>
          <line num="525" count="0" type="stmt"/>
          <line num="526" count="0" type="cond" truecount="0" falsecount="2"/>
          <line num="527" count="0" type="cond" truecount="0" falsecount="2"/>
          <line num="528" count="0" type="cond" truecount="0" falsecount="2"/>
          <line num="530" count="0" type="cond" truecount="0" falsecount="2"/>
          <line num="539" count="0" type="stmt"/>
          <line num="544" count="0" type="stmt"/>
          <line num="549" count="0" type="stmt"/>
          <line num="554" count="0" type="stmt"/>
          <line num="558" count="0" type="stmt"/>
          <line num="559" count="0" type="stmt"/>
          <line num="564" count="0" type="stmt"/>
          <line num="568" count="0" type="stmt"/>
          <line num="572" count="0" type="stmt"/>
          <line num="573" count="0" type="stmt"/>
          <line num="574" count="0" type="stmt"/>
          <line num="577" count="0" type="stmt"/>
          <line num="578" count="0" type="stmt"/>
          <line num="579" count="0" type="stmt"/>
          <line num="580" count="0" type="stmt"/>
          <line num="584" count="0" type="stmt"/>
          <line num="585" count="0" type="cond" truecount="0" falsecount="2"/>
          <line num="587" count="0" type="stmt"/>
          <line num="593" count="0" type="cond" truecount="0" falsecount="2"/>
          <line num="594" count="0" type="stmt"/>
          <line num="595" count="0" type="stmt"/>
          <line num="597" count="0" type="stmt"/>
          <line num="599" count="0" type="stmt"/>
          <line num="601" count="0" type="stmt"/>
          <line num="602" count="0" type="stmt"/>
          <line num="606" count="0" type="stmt"/>
          <line num="607" count="0" type="stmt"/>
          <line num="611" count="0" type="stmt"/>
          <line num="615" count="0" type="stmt"/>
          <line num="621" count="0" type="stmt"/>
          <line num="622" count="0" type="stmt"/>
          <line num="623" count="0" type="cond" truecount="0" falsecount="2"/>
          <line num="624" count="0" type="stmt"/>
          <line num="627" count="0" type="stmt"/>
          <line num="628" count="0" type="stmt"/>
          <line num="629" count="0" type="stmt"/>
          <line num="637" count="0" type="cond" truecount="0" falsecount="2"/>
          <line num="638" count="0" type="stmt"/>
          <line num="643" count="0" type="stmt"/>
        </file>
        <file name="KnowledgeDetail.vue" path="C:\Users\G8235\project\本番コード\frontend\connect.TIME\src\components\pages\KnowledgeDetail.vue">
          <metrics statements="73" coveredstatements="0" conditionals="17" coveredconditionals="0" methods="26" coveredmethods="0"/>
          <line num="99" count="0" type="stmt"/>
          <line num="100" count="0" type="stmt"/>
          <line num="101" count="0" type="stmt"/>
          <line num="102" count="0" type="stmt"/>
          <line num="110" count="0" type="stmt"/>
          <line num="143" count="0" type="stmt"/>
          <line num="144" count="0" type="stmt"/>
          <line num="149" count="0" type="stmt"/>
          <line num="154" count="0" type="stmt"/>
          <line num="159" count="0" type="stmt"/>
          <line num="160" count="0" type="stmt"/>
          <line num="161" count="0" type="stmt"/>
          <line num="165" count="0" type="stmt"/>
          <line num="166" count="0" type="stmt"/>
          <line num="167" count="0" type="stmt"/>
          <line num="168" count="0" type="stmt"/>
          <line num="173" count="0" type="stmt"/>
          <line num="174" count="0" type="cond" truecount="0" falsecount="2"/>
          <line num="175" count="0" type="stmt"/>
          <line num="176" count="0" type="stmt"/>
          <line num="181" count="0" type="stmt"/>
          <line num="182" count="0" type="cond" truecount="0" falsecount="2"/>
          <line num="183" count="0" type="stmt"/>
          <line num="184" count="0" type="stmt"/>
          <line num="186" count="0" type="stmt"/>
          <line num="188" count="0" type="stmt"/>
          <line num="190" count="0" type="stmt"/>
          <line num="191" count="0" type="stmt"/>
          <line num="196" count="0" type="stmt"/>
          <line num="197" count="0" type="stmt"/>
          <line num="201" count="0" type="stmt"/>
          <line num="202" count="0" type="stmt"/>
          <line num="204" count="0" type="cond" truecount="0" falsecount="2"/>
          <line num="205" count="0" type="stmt"/>
          <line num="206" count="0" type="stmt"/>
          <line num="207" count="0" type="stmt"/>
          <line num="219" count="0" type="stmt"/>
          <line num="220" count="0" type="stmt"/>
          <line num="224" count="0" type="stmt"/>
          <line num="225" count="0" type="stmt"/>
          <line num="230" count="0" type="stmt"/>
          <line num="231" count="0" type="stmt"/>
          <line num="232" count="0" type="stmt"/>
          <line num="241" count="0" type="cond" truecount="0" falsecount="2"/>
          <line num="242" count="0" type="stmt"/>
          <line num="243" count="0" type="stmt"/>
          <line num="244" count="0" type="stmt"/>
          <line num="245" count="0" type="stmt"/>
          <line num="247" count="0" type="stmt"/>
          <line num="248" count="0" type="stmt"/>
          <line num="252" count="0" type="stmt"/>
          <line num="258" count="0" type="stmt"/>
          <line num="263" count="0" type="stmt"/>
          <line num="267" count="0" type="stmt"/>
          <line num="268" count="0" type="stmt"/>
          <line num="269" count="0" type="stmt"/>
          <line num="271" count="0" type="cond" truecount="0" falsecount="2"/>
          <line num="272" count="0" type="stmt"/>
          <line num="273" count="0" type="stmt"/>
          <line num="274" count="0" type="stmt"/>
          <line num="276" count="0" type="stmt"/>
          <line num="277" count="0" type="stmt"/>
          <line num="281" count="0" type="stmt"/>
          <line num="286" count="0" type="cond" truecount="0" falsecount="5"/>
          <line num="293" count="0" type="stmt"/>
          <line num="298" count="0" type="stmt"/>
          <line num="299" count="0" type="stmt"/>
          <line num="300" count="0" type="stmt"/>
          <line num="302" count="0" type="cond" truecount="0" falsecount="2"/>
          <line num="303" count="0" type="stmt"/>
          <line num="305" count="0" type="stmt"/>
          <line num="306" count="0" type="stmt"/>
          <line num="310" count="0" type="stmt"/>
        </file>
        <file name="KnowledgeEdit.vue" path="C:\Users\G8235\project\本番コード\frontend\connect.TIME\src\components\pages\KnowledgeEdit.vue">
          <metrics statements="98" coveredstatements="0" conditionals="40" coveredconditionals="0" methods="29" coveredmethods="0"/>
          <line num="78" count="0" type="stmt"/>
          <line num="85" count="0" type="stmt"/>
          <line num="106" count="0" type="stmt"/>
          <line num="107" count="0" type="stmt"/>
          <line num="111" count="0" type="stmt"/>
          <line num="118" count="0" type="cond" truecount="0" falsecount="2"/>
          <line num="119" count="0" type="stmt"/>
          <line num="124" count="0" type="stmt"/>
          <line num="125" count="0" type="cond" truecount="0" falsecount="2"/>
          <line num="127" count="0" type="stmt"/>
          <line num="130" count="0" type="stmt"/>
          <line num="134" count="0" type="cond" truecount="0" falsecount="2"/>
          <line num="135" count="0" type="stmt"/>
          <line num="137" count="0" type="cond" truecount="0" falsecount="2"/>
          <line num="138" count="0" type="stmt"/>
          <line num="140" count="0" type="stmt"/>
          <line num="143" count="0" type="stmt"/>
          <line num="145" count="0" type="stmt"/>
          <line num="146" count="0" type="stmt"/>
          <line num="152" count="0" type="stmt"/>
          <line num="157" count="0" type="stmt"/>
          <line num="160" count="0" type="stmt"/>
          <line num="163" count="0" type="stmt"/>
          <line num="166" count="0" type="cond" truecount="0" falsecount="2"/>
          <line num="167" count="0" type="stmt"/>
          <line num="168" count="0" type="stmt"/>
          <line num="171" count="0" type="cond" truecount="0" falsecount="2"/>
          <line num="172" count="0" type="stmt"/>
          <line num="173" count="0" type="stmt"/>
          <line num="176" count="0" type="cond" truecount="0" falsecount="2"/>
          <line num="177" count="0" type="stmt"/>
          <line num="178" count="0" type="stmt"/>
          <line num="181" count="0" type="cond" truecount="0" falsecount="2"/>
          <line num="182" count="0" type="stmt"/>
          <line num="183" count="0" type="stmt"/>
          <line num="186" count="0" type="stmt"/>
          <line num="188" count="0" type="stmt"/>
          <line num="189" count="0" type="stmt"/>
          <line num="190" count="0" type="stmt"/>
          <line num="193" count="0" type="stmt"/>
          <line num="194" count="0" type="stmt"/>
          <line num="196" count="0" type="cond" truecount="0" falsecount="2"/>
          <line num="197" count="0" type="stmt"/>
          <line num="206" count="0" type="stmt"/>
          <line num="208" count="0" type="stmt"/>
          <line num="209" count="0" type="stmt"/>
          <line num="213" count="0" type="stmt"/>
          <line num="214" count="0" type="stmt"/>
          <line num="217" count="0" type="stmt"/>
          <line num="218" count="0" type="stmt"/>
          <line num="219" count="0" type="stmt"/>
          <line num="226" count="0" type="cond" truecount="0" falsecount="2"/>
          <line num="227" count="0" type="stmt"/>
          <line num="228" count="0" type="stmt"/>
          <line num="229" count="0" type="stmt"/>
          <line num="236" count="0" type="stmt"/>
          <line num="237" count="0" type="stmt"/>
          <line num="242" count="0" type="stmt"/>
          <line num="245" count="0" type="stmt"/>
          <line num="246" count="0" type="stmt"/>
          <line num="253" count="0" type="cond" truecount="0" falsecount="2"/>
          <line num="254" count="0" type="stmt"/>
          <line num="255" count="0" type="stmt"/>
          <line num="262" count="0" type="stmt"/>
          <line num="263" count="0" type="stmt"/>
          <line num="268" count="0" type="stmt"/>
          <line num="271" count="0" type="stmt"/>
          <line num="272" count="0" type="stmt"/>
          <line num="274" count="0" type="cond" truecount="0" falsecount="2"/>
          <line num="275" count="0" type="stmt"/>
          <line num="276" count="0" type="stmt"/>
          <line num="278" count="0" type="stmt"/>
          <line num="279" count="0" type="stmt"/>
          <line num="284" count="0" type="stmt"/>
          <line num="289" count="0" type="cond" truecount="0" falsecount="2"/>
          <line num="290" count="0" type="stmt"/>
          <line num="294" count="0" type="cond" truecount="0" falsecount="2"/>
          <line num="295" count="0" type="stmt"/>
          <line num="296" count="0" type="stmt"/>
          <line num="297" count="0" type="stmt"/>
          <line num="306" count="0" type="cond" truecount="0" falsecount="2"/>
          <line num="307" count="0" type="cond" truecount="0" falsecount="2"/>
          <line num="309" count="0" type="stmt"/>
          <line num="310" count="0" type="stmt"/>
          <line num="312" count="0" type="stmt"/>
          <line num="315" count="0" type="cond" truecount="0" falsecount="2"/>
          <line num="317" count="0" type="stmt"/>
          <line num="318" count="0" type="stmt"/>
          <line num="322" count="0" type="cond" truecount="0" falsecount="2"/>
          <line num="323" count="0" type="stmt"/>
          <line num="332" count="0" type="cond" truecount="0" falsecount="2"/>
          <line num="333" count="0" type="stmt"/>
          <line num="340" count="0" type="stmt"/>
          <line num="341" count="0" type="cond" truecount="0" falsecount="2"/>
          <line num="342" count="0" type="stmt"/>
          <line num="343" count="0" type="stmt"/>
          <line num="344" count="0" type="stmt"/>
          <line num="345" count="0" type="stmt"/>
        </file>
        <file name="KnowledgeList.vue" path="C:\Users\G8235\project\本番コード\frontend\connect.TIME\src\components\pages\KnowledgeList.vue">
          <metrics statements="176" coveredstatements="0" conditionals="116" coveredconditionals="0" methods="29" coveredmethods="0"/>
          <line num="84" count="0" type="stmt"/>
          <line num="85" count="0" type="stmt"/>
          <line num="92" count="0" type="stmt"/>
          <line num="222" count="0" type="cond" truecount="0" falsecount="2"/>
          <line num="223" count="0" type="cond" truecount="0" falsecount="2"/>
          <line num="224" count="0" type="cond" truecount="0" falsecount="2"/>
          <line num="225" count="0" type="stmt"/>
          <line num="227" count="0" type="stmt"/>
          <line num="228" count="0" type="cond" truecount="0" falsecount="2"/>
          <line num="229" count="0" type="stmt"/>
          <line num="230" count="0" type="stmt"/>
          <line num="232" count="0" type="stmt"/>
          <line num="239" count="0" type="stmt"/>
          <line num="240" count="0" type="stmt"/>
          <line num="241" count="0" type="stmt"/>
          <line num="244" count="0" type="stmt"/>
          <line num="245" count="0" type="stmt"/>
          <line num="249" count="0" type="cond" truecount="0" falsecount="2"/>
          <line num="267" count="0" type="stmt"/>
          <line num="268" count="0" type="stmt"/>
          <line num="269" count="0" type="stmt"/>
          <line num="270" count="0" type="stmt"/>
          <line num="271" count="0" type="stmt"/>
          <line num="282" count="0" type="stmt"/>
          <line num="284" count="0" type="stmt"/>
          <line num="287" count="0" type="stmt"/>
          <line num="288" count="0" type="stmt"/>
          <line num="290" count="0" type="cond" truecount="0" falsecount="2"/>
          <line num="291" count="0" type="stmt"/>
          <line num="296" count="0" type="stmt"/>
          <line num="297" count="0" type="stmt"/>
          <line num="299" count="0" type="cond" truecount="0" falsecount="2"/>
          <line num="300" count="0" type="stmt"/>
          <line num="306" count="0" type="stmt"/>
          <line num="315" count="0" type="stmt"/>
          <line num="320" count="0" type="stmt"/>
          <line num="335" count="0" type="stmt"/>
          <line num="336" count="0" type="stmt"/>
          <line num="339" count="0" type="stmt"/>
          <line num="340" count="0" type="stmt"/>
          <line num="341" count="0" type="stmt"/>
          <line num="342" count="0" type="stmt"/>
          <line num="345" count="0" type="stmt"/>
          <line num="346" count="0" type="stmt"/>
          <line num="347" count="0" type="stmt"/>
          <line num="348" count="0" type="stmt"/>
          <line num="351" count="0" type="stmt"/>
          <line num="352" count="0" type="stmt"/>
          <line num="353" count="0" type="stmt"/>
          <line num="354" count="0" type="stmt"/>
          <line num="357" count="0" type="stmt"/>
          <line num="362" count="0" type="stmt"/>
          <line num="363" count="0" type="stmt"/>
          <line num="364" count="0" type="stmt"/>
          <line num="365" count="0" type="stmt"/>
          <line num="366" count="0" type="stmt"/>
          <line num="372" count="0" type="stmt"/>
          <line num="373" count="0" type="cond" truecount="0" falsecount="2"/>
          <line num="374" count="0" type="stmt"/>
          <line num="375" count="0" type="stmt"/>
          <line num="377" count="0" type="stmt"/>
          <line num="390" count="0" type="cond" truecount="0" falsecount="2"/>
          <line num="391" count="0" type="stmt"/>
          <line num="401" count="0" type="stmt"/>
          <line num="408" count="0" type="stmt"/>
          <line num="409" count="0" type="stmt"/>
          <line num="411" count="0" type="stmt"/>
          <line num="412" count="0" type="stmt"/>
          <line num="417" count="0" type="stmt"/>
          <line num="418" count="0" type="stmt"/>
          <line num="420" count="0" type="stmt"/>
          <line num="421" count="0" type="stmt"/>
          <line num="432" count="0" type="cond" truecount="0" falsecount="2"/>
          <line num="433" count="0" type="cond" truecount="0" falsecount="2"/>
          <line num="434" count="0" type="stmt"/>
          <line num="435" count="0" type="stmt"/>
          <line num="436" count="0" type="stmt"/>
          <line num="438" count="0" type="stmt"/>
          <line num="439" count="0" type="stmt"/>
          <line num="440" count="0" type="stmt"/>
          <line num="441" count="0" type="stmt"/>
          <line num="442" count="0" type="stmt"/>
          <line num="444" count="0" type="stmt"/>
          <line num="445" count="0" type="stmt"/>
          <line num="446" count="0" type="stmt"/>
          <line num="447" count="0" type="stmt"/>
          <line num="448" count="0" type="stmt"/>
          <line num="449" count="0" type="cond" truecount="0" falsecount="2"/>
          <line num="451" count="0" type="cond" truecount="0" falsecount="6"/>
          <line num="452" count="0" type="stmt"/>
          <line num="456" count="0" type="cond" truecount="0" falsecount="4"/>
          <line num="457" count="0" type="stmt"/>
          <line num="460" count="0" type="cond" truecount="0" falsecount="6"/>
          <line num="461" count="0" type="stmt"/>
          <line num="465" count="0" type="cond" truecount="0" falsecount="8"/>
          <line num="466" count="0" type="stmt"/>
          <line num="470" count="0" type="cond" truecount="0" falsecount="2"/>
          <line num="471" count="0" type="stmt"/>
          <line num="472" count="0" type="stmt"/>
          <line num="473" count="0" type="stmt"/>
          <line num="475" count="0" type="stmt"/>
          <line num="476" count="0" type="stmt"/>
          <line num="477" count="0" type="stmt"/>
          <line num="478" count="0" type="stmt"/>
          <line num="480" count="0" type="stmt"/>
          <line num="481" count="0" type="stmt"/>
          <line num="482" count="0" type="stmt"/>
          <line num="483" count="0" type="stmt"/>
          <line num="484" count="0" type="stmt"/>
          <line num="486" count="0" type="cond" truecount="0" falsecount="2"/>
          <line num="487" count="0" type="cond" truecount="0" falsecount="6"/>
          <line num="490" count="0" type="cond" truecount="0" falsecount="2"/>
          <line num="491" count="0" type="cond" truecount="0" falsecount="7"/>
          <line num="496" count="0" type="stmt"/>
          <line num="503" count="0" type="cond" truecount="0" falsecount="2"/>
          <line num="521" count="0" type="stmt"/>
          <line num="522" count="0" type="stmt"/>
          <line num="526" count="0" type="stmt"/>
          <line num="527" count="0" type="stmt"/>
          <line num="528" count="0" type="stmt"/>
          <line num="529" count="0" type="stmt"/>
          <line num="530" count="0" type="cond" truecount="0" falsecount="4"/>
          <line num="531" count="0" type="stmt"/>
          <line num="532" count="0" type="stmt"/>
          <line num="533" count="0" type="cond" truecount="0" falsecount="2"/>
          <line num="534" count="0" type="stmt"/>
          <line num="537" count="0" type="stmt"/>
          <line num="538" count="0" type="cond" truecount="0" falsecount="4"/>
          <line num="539" count="0" type="stmt"/>
          <line num="540" count="0" type="stmt"/>
          <line num="541" count="0" type="cond" truecount="0" falsecount="2"/>
          <line num="542" count="0" type="stmt"/>
          <line num="545" count="0" type="stmt"/>
          <line num="546" count="0" type="cond" truecount="0" falsecount="4"/>
          <line num="547" count="0" type="stmt"/>
          <line num="548" count="0" type="stmt"/>
          <line num="549" count="0" type="cond" truecount="0" falsecount="2"/>
          <line num="550" count="0" type="stmt"/>
          <line num="553" count="0" type="stmt"/>
          <line num="554" count="0" type="cond" truecount="0" falsecount="2"/>
          <line num="555" count="0" type="stmt"/>
          <line num="556" count="0" type="stmt"/>
          <line num="557" count="0" type="stmt"/>
          <line num="558" count="0" type="stmt"/>
          <line num="559" count="0" type="stmt"/>
          <line num="560" count="0" type="cond" truecount="0" falsecount="2"/>
          <line num="561" count="0" type="stmt"/>
          <line num="562" count="0" type="stmt"/>
          <line num="563" count="0" type="stmt"/>
          <line num="564" count="0" type="stmt"/>
          <line num="565" count="0" type="stmt"/>
          <line num="566" count="0" type="cond" truecount="0" falsecount="2"/>
          <line num="567" count="0" type="stmt"/>
          <line num="568" count="0" type="cond" truecount="0" falsecount="2"/>
          <line num="569" count="0" type="stmt"/>
          <line num="570" count="0" type="stmt"/>
          <line num="575" count="0" type="stmt"/>
          <line num="577" count="0" type="stmt"/>
          <line num="580" count="0" type="stmt"/>
          <line num="581" count="0" type="stmt"/>
          <line num="582" count="0" type="stmt"/>
          <line num="583" count="0" type="stmt"/>
          <line num="584" count="0" type="cond" truecount="0" falsecount="5"/>
          <line num="587" count="0" type="stmt"/>
          <line num="588" count="0" type="stmt"/>
          <line num="589" count="0" type="stmt"/>
          <line num="590" count="0" type="stmt"/>
          <line num="591" count="0" type="stmt"/>
          <line num="592" count="0" type="cond" truecount="0" falsecount="2"/>
          <line num="597" count="0" type="cond" truecount="0" falsecount="2"/>
          <line num="598" count="0" type="stmt"/>
          <line num="599" count="0" type="cond" truecount="0" falsecount="4"/>
          <line num="600" count="0" type="stmt"/>
          <line num="601" count="0" type="cond" truecount="0" falsecount="4"/>
          <line num="602" count="0" type="stmt"/>
          <line num="604" count="0" type="stmt"/>
        </file>
        <file name="Login.vue" path="C:\Users\G8235\project\本番コード\frontend\connect.TIME\src\components\pages\Login.vue">
          <metrics statements="1" coveredstatements="0" conditionals="0" coveredconditionals="0" methods="3" coveredmethods="0"/>
          <line num="12" count="0" type="stmt"/>
        </file>
        <file name="NotFound.vue" path="C:\Users\G8235\project\本番コード\frontend\connect.TIME\src\components\pages\NotFound.vue">
          <metrics statements="1" coveredstatements="0" conditionals="0" coveredconditionals="0" methods="3" coveredmethods="0"/>
          <line num="11" count="0" type="stmt"/>
        </file>
        <file name="OtherIncidents.vue" path="C:\Users\G8235\project\本番コード\frontend\connect.TIME\src\components\pages\OtherIncidents.vue">
          <metrics statements="1" coveredstatements="0" conditionals="0" coveredconditionals="0" methods="3" coveredmethods="0"/>
          <line num="11" count="0" type="stmt"/>
        </file>
        <file name="SelfIncidents.vue" path="C:\Users\G8235\project\本番コード\frontend\connect.TIME\src\components\pages\SelfIncidents.vue">
          <metrics statements="63" coveredstatements="0" conditionals="24" coveredconditionals="0" methods="20" coveredmethods="0"/>
          <line num="20" count="0" type="stmt"/>
          <line num="21" count="0" type="stmt"/>
          <line num="28" count="0" type="stmt"/>
          <line num="94" count="0" type="stmt"/>
          <line num="95" count="0" type="stmt"/>
          <line num="97" count="0" type="stmt"/>
          <line num="98" count="0" type="stmt"/>
          <line num="99" count="0" type="stmt"/>
          <line num="100" count="0" type="stmt"/>
          <line num="105" count="0" type="stmt"/>
          <line num="106" count="0" type="cond" truecount="0" falsecount="2"/>
          <line num="107" count="0" type="stmt"/>
          <line num="109" count="0" type="stmt"/>
          <line num="110" count="0" type="stmt"/>
          <line num="117" count="0" type="cond" truecount="0" falsecount="2"/>
          <line num="118" count="0" type="stmt"/>
          <line num="127" count="0" type="stmt"/>
          <line num="128" count="0" type="stmt"/>
          <line num="131" count="0" type="stmt"/>
          <line num="132" count="0" type="stmt"/>
          <line num="133" count="0" type="stmt"/>
          <line num="136" count="0" type="stmt"/>
          <line num="137" count="0" type="stmt"/>
          <line num="149" count="0" type="stmt"/>
          <line num="150" count="0" type="stmt"/>
          <line num="152" count="0" type="stmt"/>
          <line num="157" count="0" type="stmt"/>
          <line num="158" count="0" type="stmt"/>
          <line num="159" count="0" type="stmt"/>
          <line num="166" count="0" type="cond" truecount="0" falsecount="2"/>
          <line num="167" count="0" type="stmt"/>
          <line num="168" count="0" type="cond" truecount="0" falsecount="4"/>
          <line num="169" count="0" type="stmt"/>
          <line num="172" count="0" type="stmt"/>
          <line num="173" count="0" type="cond" truecount="0" falsecount="2"/>
          <line num="174" count="0" type="stmt"/>
          <line num="177" count="0" type="stmt"/>
          <line num="183" count="0" type="stmt"/>
          <line num="184" count="0" type="stmt"/>
          <line num="185" count="0" type="cond" truecount="0" falsecount="2"/>
          <line num="186" count="0" type="stmt"/>
          <line num="188" count="0" type="stmt"/>
          <line num="190" count="0" type="stmt"/>
          <line num="194" count="0" type="stmt"/>
          <line num="195" count="0" type="stmt"/>
          <line num="206" count="0" type="cond" truecount="0" falsecount="2"/>
          <line num="207" count="0" type="cond" truecount="0" falsecount="2"/>
          <line num="208" count="0" type="stmt"/>
          <line num="211" count="0" type="stmt"/>
          <line num="212" count="0" type="stmt"/>
          <line num="214" count="0" type="stmt"/>
          <line num="215" count="0" type="stmt"/>
          <line num="216" count="0" type="stmt"/>
          <line num="217" count="0" type="stmt"/>
          <line num="218" count="0" type="stmt"/>
          <line num="219" count="0" type="stmt"/>
          <line num="220" count="0" type="stmt"/>
          <line num="221" count="0" type="cond" truecount="0" falsecount="2"/>
          <line num="222" count="0" type="cond" truecount="0" falsecount="2"/>
          <line num="223" count="0" type="cond" truecount="0" falsecount="2"/>
          <line num="224" count="0" type="stmt"/>
          <line num="226" count="0" type="stmt"/>
          <line num="229" count="0" type="stmt"/>
        </file>
      </package>
      <package name="components.pages.common">
        <metrics statements="45" coveredstatements="16" conditionals="9" coveredconditionals="9" methods="28" coveredmethods="4"/>
        <file name="CommentDetail.vue" path="C:\Users\G8235\project\本番コード\frontend\connect.TIME\src\components\pages\common\CommentDetail.vue">
          <metrics statements="16" coveredstatements="0" conditionals="0" coveredconditionals="0" methods="10" coveredmethods="0"/>
          <line num="55" count="0" type="stmt"/>
          <line num="56" count="0" type="stmt"/>
          <line num="73" count="0" type="stmt"/>
          <line num="79" count="0" type="stmt"/>
          <line num="80" count="0" type="stmt"/>
          <line num="81" count="0" type="stmt"/>
          <line num="85" count="0" type="stmt"/>
          <line num="89" count="0" type="stmt"/>
          <line num="91" count="0" type="stmt"/>
          <line num="92" count="0" type="stmt"/>
          <line num="93" count="0" type="stmt"/>
          <line num="94" count="0" type="stmt"/>
          <line num="98" count="0" type="stmt"/>
          <line num="101" count="0" type="stmt"/>
          <line num="104" count="0" type="stmt"/>
          <line num="107" count="0" type="stmt"/>
        </file>
        <file name="CommentForm.vue" path="C:\Users\G8235\project\本番コード\frontend\connect.TIME\src\components\pages\common\CommentForm.vue">
          <metrics statements="4" coveredstatements="0" conditionals="0" coveredconditionals="0" methods="5" coveredmethods="0"/>
          <line num="39" count="0" type="stmt"/>
          <line num="44" count="0" type="stmt"/>
          <line num="51" count="0" type="stmt"/>
          <line num="54" count="0" type="stmt"/>
        </file>
        <file name="CommonMethods.js" path="C:\Users\G8235\project\本番コード\frontend\connect.TIME\src\components\pages\common\CommonMethods.js">
          <metrics statements="9" coveredstatements="7" conditionals="9" coveredconditionals="9" methods="3" coveredmethods="2"/>
          <line num="11" count="0" type="stmt"/>
          <line num="16" count="0" type="stmt"/>
          <line num="24" count="10" type="stmt"/>
          <line num="63" count="28" type="cond" truecount="4" falsecount="0"/>
          <line num="64" count="5" type="stmt"/>
          <line num="65" count="5" type="cond" truecount="5" falsecount="0"/>
          <line num="66" count="4" type="stmt"/>
          <line num="71" count="10" type="stmt"/>
          <line num="72" count="10" type="stmt"/>
        </file>
        <file name="DateTable.vue" path="C:\Users\G8235\project\本番コード\frontend\connect.TIME\src\components\pages\common\DateTable.vue">
          <metrics statements="1" coveredstatements="0" conditionals="0" coveredconditionals="0" methods="1" coveredmethods="0"/>
          <line num="49" count="0" type="stmt"/>
        </file>
        <file name="RichText.vue" path="C:\Users\G8235\project\本番コード\frontend\connect.TIME\src\components\pages\common\RichText.vue">
          <metrics statements="4" coveredstatements="0" conditionals="0" coveredconditionals="0" methods="2" coveredmethods="0"/>
          <line num="7" count="0" type="stmt"/>
          <line num="8" count="0" type="stmt"/>
          <line num="15" count="0" type="stmt"/>
          <line num="20" count="0" type="stmt"/>
        </file>
        <file name="RichTextEditor.vue" path="C:\Users\G8235\project\本番コード\frontend\connect.TIME\src\components\pages\common\RichTextEditor.vue">
          <metrics statements="11" coveredstatements="9" conditionals="0" coveredconditionals="0" methods="7" coveredmethods="2"/>
          <line num="19" count="1" type="stmt"/>
          <line num="21" count="1" type="stmt"/>
          <line num="23" count="1" type="stmt"/>
          <line num="24" count="1" type="stmt"/>
          <line num="25" count="1" type="stmt"/>
          <line num="26" count="1" type="stmt"/>
          <line num="27" count="1" type="stmt"/>
          <line num="39" count="1" type="stmt"/>
          <line num="80" count="1" type="stmt"/>
          <line num="95" count="0" type="stmt"/>
          <line num="96" count="0" type="stmt"/>
        </file>
      </package>
      <package name="store">
        <metrics statements="2" coveredstatements="2" conditionals="0" coveredconditionals="0" methods="0" coveredmethods="0"/>
        <file name="index.js" path="C:\Users\G8235\project\本番コード\frontend\connect.TIME\src\store\index.js">
          <metrics statements="2" coveredstatements="2" conditionals="0" coveredconditionals="0" methods="0" coveredmethods="0"/>
          <line num="8" count="2" type="stmt"/>
          <line num="10" count="2" type="stmt"/>
        </file>
      </package>
      <package name="store.modules">
        <metrics statements="2" coveredstatements="1" conditionals="0" coveredconditionals="0" methods="0" coveredmethods="0"/>
        <file name="tzdeal.js" path="C:\Users\G8235\project\本番コード\frontend\connect.TIME\src\store\modules\tzdeal.js">
          <metrics statements="2" coveredstatements="1" conditionals="0" coveredconditionals="0" methods="0" coveredmethods="0"/>
          <line num="4" count="2" type="stmt"/>
          <line num="10" count="0" type="stmt"/>
        </file>
      </package>
    </metrics>
  </project>
</coverage>
