{"C:\\Users\\G8235\\project\\本番コード\\frontend\\connect.TIME\\src\\components\\common\\EventHub.js": {"path":"C:\\Users\\G8235\\project\\本番コード\\frontend\\connect.TIME\\src\\components\\common\\EventHub.js","statementMap":{"0":{"start":{"line":3,"column":0},"end":{"line":null,"column":-1}},"1":{"start":{"line":5,"column":17},"end":{"line":5,"column":0}}},"fnMap":{},"branchMap":{},"s":{"0":0,"1":0},"f":{},"b":{}}
,"C:\\Users\\G8235\\project\\本番コード\\frontend\\connect.TIME\\src\\components\\common\\TimeHeader.vue": {"path":"C:\\Users\\G8235\\project\\本番コード\\frontend\\connect.TIME\\src\\components\\common\\TimeHeader.vue","statementMap":{"0":{"start":{"line":18,"column":0},"end":{"line":null,"column":-1}},"1":{"start":{"line":22,"column":0},"end":{"line":null,"column":-1}},"2":{"start":{"line":29,"column":0},"end":{"line":null,"column":-1}},"3":{"start":{"line":30,"column":0},"end":{"line":null,"column":-1}},"4":{"start":{"line":33,"column":0},"end":{"line":null,"column":-1}},"5":{"start":{"line":36,"column":0},"end":{"line":null,"column":-1}},"6":{"start":{"line":39,"column":0},"end":{"line":null,"column":-1}},"7":{"start":{"line":40,"column":0},"end":{"line":42,"column":0}},"8":{"start":{"line":41,"column":0},"end":{"line":null,"column":-1}}},"fnMap":{"0":{"name":"data","decl":{"start":{"line":21,"column":0},"end":{"line":null,"column":-1}},"loc":{"start":{"line":21,"column":0},"end":{"line":26,"column":0}}},"1":{"name":"openMenu","decl":{"start":{"line":28,"column":0},"end":{"line":null,"column":-1}},"loc":{"start":{"line":28,"column":0},"end":{"line":31,"column":0}}},"2":{"name":"inputEnter","decl":{"start":{"line":32,"column":0},"end":{"line":null,"column":-1}},"loc":{"start":{"line":32,"column":0},"end":{"line":34,"column":0}}},"3":{"name":"editAccount","decl":{"start":{"line":35,"column":0},"end":{"line":null,"column":-1}},"loc":{"start":{"line":35,"column":0},"end":{"line":37,"column":0}}},"4":{"name":"created","decl":{"start":{"line":39,"column":0},"end":{"line":null,"column":-1}},"loc":{"start":{"line":39,"column":0},"end":{"line":43,"column":0}}},"5":{"name":"(anonymous_7)","decl":{"start":{"line":40,"column":0},"end":{"line":null,"column":-1}},"loc":{"start":{"line":40,"column":0},"end":{"line":42,"column":0}}},"6":{"name":"mounted","decl":{"start":{"line":44,"column":0},"end":{"line":null,"column":-1}},"loc":{"start":{"line":44,"column":0},"end":{"line":null,"column":-1}}}},"branchMap":{},"s":{"0":0,"1":0,"2":0,"3":0,"4":0,"5":0,"6":0,"7":0,"8":0},"f":{"0":0,"1":0,"2":0,"3":0,"4":0,"5":0,"6":0},"b":{}}
,"C:\\Users\\G8235\\project\\本番コード\\frontend\\connect.TIME\\src\\components\\common\\TimeHome.vue": {"path":"C:\\Users\\G8235\\project\\本番コード\\frontend\\connect.TIME\\src\\components\\common\\TimeHome.vue","statementMap":{"0":{"start":{"line":13,"column":0},"end":{"line":null,"column":-1}},"1":{"start":{"line":14,"column":0},"end":{"line":null,"column":-1}},"2":{"start":{"line":15,"column":0},"end":{"line":null,"column":-1}},"3":{"start":{"line":23,"column":0},"end":{"line":null,"column":-1}},"4":{"start":{"line":30,"column":0},"end":{"line":null,"column":-1}},"5":{"start":{"line":31,"column":0},"end":{"line":33,"column":0}},"6":{"start":{"line":32,"column":0},"end":{"line":null,"column":-1}}},"fnMap":{"0":{"name":"data","decl":{"start":{"line":22,"column":0},"end":{"line":null,"column":-1}},"loc":{"start":{"line":22,"column":0},"end":{"line":26,"column":0}}},"1":{"name":"created","decl":{"start":{"line":30,"column":0},"end":{"line":null,"column":-1}},"loc":{"start":{"line":30,"column":0},"end":{"line":34,"column":0}}},"2":{"name":"(anonymous_4)","decl":{"start":{"line":31,"column":0},"end":{"line":null,"column":-1}},"loc":{"start":{"line":31,"column":0},"end":{"line":33,"column":0}}},"3":{"name":"mounted","decl":{"start":{"line":35,"column":0},"end":{"line":null,"column":-1}},"loc":{"start":{"line":35,"column":0},"end":{"line":null,"column":-1}}}},"branchMap":{},"s":{"0":0,"1":0,"2":0,"3":0,"4":0,"5":0,"6":0},"f":{"0":0,"1":0,"2":0,"3":0},"b":{}}
,"C:\\Users\\G8235\\project\\本番コード\\frontend\\connect.TIME\\src\\components\\common\\TimeSidebar.vue": {"path":"C:\\Users\\G8235\\project\\本番コード\\frontend\\connect.TIME\\src\\components\\common\\TimeSidebar.vue","statementMap":{"0":{"start":{"line":33,"column":0},"end":{"line":null,"column":-1}},"1":{"start":{"line":37,"column":0},"end":{"line":null,"column":-1}},"2":{"start":{"line":72,"column":0},"end":{"line":null,"column":-1}},"3":{"start":{"line":73,"column":0},"end":{"line":null,"column":-1}},"4":{"start":{"line":76,"column":0},"end":{"line":null,"column":-1}},"5":{"start":{"line":79,"column":0},"end":{"line":null,"column":-1}},"6":{"start":{"line":82,"column":0},"end":{"line":null,"column":-1}},"7":{"start":{"line":83,"column":0},"end":{"line":85,"column":0}},"8":{"start":{"line":84,"column":0},"end":{"line":null,"column":-1}},"9":{"start":{"line":94,"column":0},"end":{"line":null,"column":-1}}},"fnMap":{"0":{"name":"data","decl":{"start":{"line":36,"column":0},"end":{"line":null,"column":-1}},"loc":{"start":{"line":36,"column":0},"end":{"line":69,"column":0}}},"1":{"name":"closeMenu","decl":{"start":{"line":71,"column":0},"end":{"line":null,"column":-1}},"loc":{"start":{"line":71,"column":0},"end":{"line":74,"column":0}}},"2":{"name":"handleOpen","decl":{"start":{"line":75,"column":0},"end":{"line":null,"column":-1}},"loc":{"start":{"line":75,"column":0},"end":{"line":77,"column":0}}},"3":{"name":"handleClose","decl":{"start":{"line":78,"column":0},"end":{"line":null,"column":-1}},"loc":{"start":{"line":78,"column":0},"end":{"line":80,"column":0}}},"4":{"name":"created","decl":{"start":{"line":82,"column":0},"end":{"line":null,"column":-1}},"loc":{"start":{"line":82,"column":0},"end":{"line":86,"column":0}}},"5":{"name":"(anonymous_7)","decl":{"start":{"line":83,"column":0},"end":{"line":null,"column":-1}},"loc":{"start":{"line":83,"column":0},"end":{"line":85,"column":0}}},"6":{"name":"mounted","decl":{"start":{"line":87,"column":0},"end":{"line":null,"column":-1}},"loc":{"start":{"line":87,"column":0},"end":{"line":null,"column":-1}}},"7":{"name":"onRoutes","decl":{"start":{"line":93,"column":0},"end":{"line":null,"column":-1}},"loc":{"start":{"line":93,"column":0},"end":{"line":96,"column":0}}}},"branchMap":{},"s":{"0":0,"1":0,"2":0,"3":0,"4":0,"5":0,"6":0,"7":0,"8":0,"9":0},"f":{"0":0,"1":0,"2":0,"3":0,"4":0,"5":0,"6":0,"7":0},"b":{}}
,"C:\\Users\\G8235\\project\\本番コード\\frontend\\connect.TIME\\src\\components\\pages\\Dashboard.vue": {"path":"C:\\Users\\G8235\\project\\本番コード\\frontend\\connect.TIME\\src\\components\\pages\\Dashboard.vue","statementMap":{"0":{"start":{"line":11,"column":0},"end":{"line":null,"column":-1}}},"fnMap":{"0":{"name":"data","decl":{"start":{"line":10,"column":0},"end":{"line":null,"column":-1}},"loc":{"start":{"line":10,"column":0},"end":{"line":14,"column":0}}},"1":{"name":"created","decl":{"start":{"line":18,"column":0},"end":{"line":null,"column":-1}},"loc":{"start":{"line":18,"column":0},"end":{"line":null,"column":-1}}},"2":{"name":"mounted","decl":{"start":{"line":21,"column":0},"end":{"line":null,"column":-1}},"loc":{"start":{"line":21,"column":0},"end":{"line":null,"column":-1}}}},"branchMap":{},"s":{"0":0},"f":{"0":0,"1":0,"2":0},"b":{}}
,"C:\\Users\\G8235\\project\\本番コード\\frontend\\connect.TIME\\src\\components\\pages\\IncidentsDetail.vue": {"path":"C:\\Users\\G8235\\project\\本番コード\\frontend\\connect.TIME\\src\\components\\pages\\IncidentsDetail.vue","statementMap":{"0":{"start":{"line":140,"column":0},"end":{"line":null,"column":-1}},"1":{"start":{"line":144,"column":0},"end":{"line":null,"column":-1}},"2":{"start":{"line":297,"column":0},"end":{"line":308,"column":0}},"3":{"start":{"line":298,"column":0},"end":{"line":null,"column":-1}},"4":{"start":{"line":300,"column":0},"end":{"line":null,"column":-1}},"5":{"start":{"line":301,"column":0},"end":{"line":307,"column":0}},"6":{"start":{"line":302,"column":0},"end":{"line":null,"column":-1}},"7":{"start":{"line":303,"column":0},"end":{"line":null,"column":-1}},"8":{"start":{"line":304,"column":0},"end":{"line":null,"column":-1}},"9":{"start":{"line":306,"column":0},"end":{"line":null,"column":-1}},"10":{"start":{"line":312,"column":0},"end":{"line":323,"column":0}},"11":{"start":{"line":313,"column":0},"end":{"line":null,"column":-1}},"12":{"start":{"line":315,"column":0},"end":{"line":null,"column":-1}},"13":{"start":{"line":316,"column":0},"end":{"line":322,"column":0}},"14":{"start":{"line":317,"column":0},"end":{"line":null,"column":-1}},"15":{"start":{"line":318,"column":0},"end":{"line":null,"column":-1}},"16":{"start":{"line":319,"column":0},"end":{"line":null,"column":-1}},"17":{"start":{"line":321,"column":0},"end":{"line":null,"column":-1}},"18":{"start":{"line":329,"column":0},"end":{"line":null,"column":-1}},"19":{"start":{"line":330,"column":0},"end":{"line":null,"column":-1}},"20":{"start":{"line":331,"column":0},"end":{"line":null,"column":-1}},"21":{"start":{"line":332,"column":0},"end":{"line":null,"column":-1}},"22":{"start":{"line":333,"column":0},"end":{"line":null,"column":-1}},"23":{"start":{"line":334,"column":0},"end":{"line":null,"column":-1}},"24":{"start":{"line":337,"column":0},"end":{"line":null,"column":-1}},"25":{"start":{"line":338,"column":0},"end":{"line":354,"column":0}},"26":{"start":{"line":342,"column":0},"end":{"line":349,"column":0}},"27":{"start":{"line":343,"column":0},"end":{"line":null,"column":-1}},"28":{"start":{"line":344,"column":0},"end":{"line":null,"column":-1}},"29":{"start":{"line":345,"column":0},"end":{"line":null,"column":-1}},"30":{"start":{"line":346,"column":0},"end":{"line":null,"column":-1}},"31":{"start":{"line":353,"column":0},"end":{"line":null,"column":-1}},"32":{"start":{"line":357,"column":0},"end":{"line":null,"column":-1}},"33":{"start":{"line":358,"column":0},"end":{"line":null,"column":-1}},"34":{"start":{"line":359,"column":0},"end":{"line":null,"column":-1}},"35":{"start":{"line":360,"column":0},"end":{"line":null,"column":-1}},"36":{"start":{"line":362,"column":0},"end":{"line":null,"column":-1}},"37":{"start":{"line":363,"column":0},"end":{"line":null,"column":-1}},"38":{"start":{"line":364,"column":0},"end":{"line":null,"column":-1}},"39":{"start":{"line":366,"column":0},"end":{"line":null,"column":-1}},"40":{"start":{"line":367,"column":0},"end":{"line":null,"column":-1}},"41":{"start":{"line":368,"column":0},"end":{"line":null,"column":-1}},"42":{"start":{"line":370,"column":0},"end":{"line":null,"column":-1}},"43":{"start":{"line":371,"column":0},"end":{"line":null,"column":-1}},"44":{"start":{"line":372,"column":0},"end":{"line":null,"column":-1}},"45":{"start":{"line":374,"column":0},"end":{"line":null,"column":-1}},"46":{"start":{"line":377,"column":0},"end":{"line":379,"column":0}},"47":{"start":{"line":378,"column":0},"end":{"line":null,"column":-1}},"48":{"start":{"line":379,"column":0},"end":{"line":null,"column":-1}},"49":{"start":{"line":382,"column":0},"end":{"line":null,"column":-1}},"50":{"start":{"line":383,"column":0},"end":{"line":414,"column":0}},"51":{"start":{"line":387,"column":0},"end":{"line":409,"column":0}},"52":{"start":{"line":393,"column":0},"end":{"line":null,"column":-1}},"53":{"start":{"line":394,"column":0},"end":{"line":402,"column":0}},"54":{"start":{"line":395,"column":0},"end":{"line":null,"column":-1}},"55":{"start":{"line":396,"column":0},"end":{"line":null,"column":-1}},"56":{"start":{"line":404,"column":0},"end":{"line":406,"column":0}},"57":{"start":{"line":405,"column":0},"end":{"line":null,"column":-1}},"58":{"start":{"line":413,"column":0},"end":{"line":null,"column":-1}},"59":{"start":{"line":417,"column":0},"end":{"line":null,"column":-1}},"60":{"start":{"line":418,"column":0},"end":{"line":443,"column":0}},"61":{"start":{"line":422,"column":0},"end":{"line":438,"column":0}},"62":{"start":{"line":423,"column":0},"end":{"line":null,"column":-1}},"63":{"start":{"line":424,"column":0},"end":{"line":431,"column":0}},"64":{"start":{"line":425,"column":0},"end":{"line":null,"column":-1}},"65":{"start":{"line":426,"column":0},"end":{"line":null,"column":-1}},"66":{"start":{"line":433,"column":0},"end":{"line":435,"column":0}},"67":{"start":{"line":434,"column":0},"end":{"line":null,"column":-1}},"68":{"start":{"line":442,"column":0},"end":{"line":null,"column":-1}},"69":{"start":{"line":446,"column":0},"end":{"line":null,"column":-1}},"70":{"start":{"line":447,"column":0},"end":{"line":472,"column":0}},"71":{"start":{"line":451,"column":0},"end":{"line":467,"column":0}},"72":{"start":{"line":452,"column":0},"end":{"line":null,"column":-1}},"73":{"start":{"line":453,"column":0},"end":{"line":460,"column":0}},"74":{"start":{"line":454,"column":0},"end":{"line":null,"column":-1}},"75":{"start":{"line":455,"column":0},"end":{"line":null,"column":-1}},"76":{"start":{"line":462,"column":0},"end":{"line":464,"column":0}},"77":{"start":{"line":463,"column":0},"end":{"line":null,"column":-1}},"78":{"start":{"line":471,"column":0},"end":{"line":null,"column":-1}},"79":{"start":{"line":475,"column":0},"end":{"line":null,"column":-1}},"80":{"start":{"line":476,"column":0},"end":{"line":512,"column":0}},"81":{"start":{"line":480,"column":0},"end":{"line":507,"column":0}},"82":{"start":{"line":483,"column":0},"end":{"line":null,"column":-1}},"83":{"start":{"line":484,"column":0},"end":{"line":null,"column":-1}},"84":{"start":{"line":485,"column":0},"end":{"line":493,"column":0}},"85":{"start":{"line":486,"column":0},"end":{"line":null,"column":-1}},"86":{"start":{"line":487,"column":0},"end":{"line":null,"column":-1}},"87":{"start":{"line":495,"column":0},"end":{"line":497,"column":0}},"88":{"start":{"line":496,"column":0},"end":{"line":null,"column":-1}},"89":{"start":{"line":499,"column":0},"end":{"line":null,"column":-1}},"90":{"start":{"line":500,"column":0},"end":{"line":504,"column":0}},"91":{"start":{"line":501,"column":0},"end":{"line":null,"column":-1}},"92":{"start":{"line":503,"column":0},"end":{"line":null,"column":-1}},"93":{"start":{"line":511,"column":0},"end":{"line":null,"column":-1}},"94":{"start":{"line":515,"column":0},"end":{"line":null,"column":-1}},"95":{"start":{"line":516,"column":0},"end":{"line":540,"column":0}},"96":{"start":{"line":520,"column":0},"end":{"line":535,"column":0}},"97":{"start":{"line":523,"column":0},"end":{"line":null,"column":-1}},"98":{"start":{"line":524,"column":0},"end":{"line":532,"column":0}},"99":{"start":{"line":525,"column":0},"end":{"line":null,"column":-1}},"100":{"start":{"line":526,"column":0},"end":{"line":null,"column":-1}},"101":{"start":{"line":527,"column":0},"end":{"line":531,"column":0}},"102":{"start":{"line":528,"column":0},"end":{"line":null,"column":-1}},"103":{"start":{"line":530,"column":0},"end":{"line":null,"column":-1}},"104":{"start":{"line":539,"column":0},"end":{"line":null,"column":-1}},"105":{"start":{"line":544,"column":0},"end":{"line":null,"column":-1}},"106":{"start":{"line":549,"column":0},"end":{"line":null,"column":-1}},"107":{"start":{"line":554,"column":0},"end":{"line":null,"column":-1}},"108":{"start":{"line":558,"column":0},"end":{"line":null,"column":-1}},"109":{"start":{"line":559,"column":0},"end":{"line":null,"column":-1}},"110":{"start":{"line":564,"column":0},"end":{"line":null,"column":-1}},"111":{"start":{"line":568,"column":0},"end":{"line":null,"column":-1}},"112":{"start":{"line":572,"column":0},"end":{"line":null,"column":-1}},"113":{"start":{"line":573,"column":0},"end":{"line":null,"column":-1}},"114":{"start":{"line":574,"column":0},"end":{"line":null,"column":-1}},"115":{"start":{"line":577,"column":0},"end":{"line":null,"column":-1}},"116":{"start":{"line":578,"column":0},"end":{"line":null,"column":-1}},"117":{"start":{"line":579,"column":0},"end":{"line":581,"column":0}},"118":{"start":{"line":580,"column":0},"end":{"line":null,"column":-1}},"119":{"start":{"line":584,"column":0},"end":{"line":null,"column":-1}},"120":{"start":{"line":585,"column":0},"end":{"line":null,"column":-1}},"121":{"start":{"line":587,"column":0},"end":{"line":599,"column":0}},"122":{"start":{"line":593,"column":0},"end":{"line":598,"column":0}},"123":{"start":{"line":594,"column":0},"end":{"line":null,"column":-1}},"124":{"start":{"line":595,"column":0},"end":{"line":null,"column":-1}},"125":{"start":{"line":597,"column":0},"end":{"line":null,"column":-1}},"126":{"start":{"line":599,"column":0},"end":{"line":null,"column":-1}},"127":{"start":{"line":601,"column":0},"end":{"line":null,"column":-1}},"128":{"start":{"line":602,"column":0},"end":{"line":null,"column":-1}},"129":{"start":{"line":606,"column":0},"end":{"line":null,"column":-1}},"130":{"start":{"line":607,"column":0},"end":{"line":null,"column":-1}},"131":{"start":{"line":611,"column":0},"end":{"line":null,"column":-1}},"132":{"start":{"line":615,"column":0},"end":{"line":null,"column":-1}},"133":{"start":{"line":621,"column":0},"end":{"line":null,"column":-1}},"134":{"start":{"line":622,"column":0},"end":{"line":626,"column":0}},"135":{"start":{"line":623,"column":0},"end":{"line":625,"column":0}},"136":{"start":{"line":624,"column":0},"end":{"line":null,"column":-1}},"137":{"start":{"line":627,"column":0},"end":{"line":630,"column":0}},"138":{"start":{"line":628,"column":0},"end":{"line":null,"column":-1}},"139":{"start":{"line":629,"column":0},"end":{"line":null,"column":-1}},"140":{"start":{"line":637,"column":0},"end":{"line":639,"column":0}},"141":{"start":{"line":638,"column":0},"end":{"line":null,"column":-1}},"142":{"start":{"line":643,"column":0},"end":{"line":null,"column":-1}}},"fnMap":{"0":{"name":"data","decl":{"start":{"line":143,"column":0},"end":{"line":null,"column":-1}},"loc":{"start":{"line":143,"column":0},"end":{"line":293,"column":0}}},"1":{"name":"takeOutRootcause","decl":{"start":{"line":296,"column":0},"end":{"line":null,"column":-1}},"loc":{"start":{"line":296,"column":0},"end":{"line":309,"column":0}}},"2":{"name":"takeRootcause","decl":{"start":{"line":311,"column":0},"end":{"line":null,"column":-1}},"loc":{"start":{"line":311,"column":0},"end":{"line":324,"column":0}}},"3":{"name":"init","decl":{"start":{"line":327,"column":0},"end":{"line":null,"column":-1}},"loc":{"start":{"line":327,"column":0},"end":{"line":335,"column":0}}},"4":{"name":"getIncidentDetail","decl":{"start":{"line":337,"column":0},"end":{"line":null,"column":-1}},"loc":{"start":{"line":337,"column":0},"end":{"line":355,"column":0}}},"5":{"name":"(anonymous_6)","decl":{"start":{"line":338,"column":0},"end":{"line":null,"column":-1}},"loc":{"start":{"line":338,"column":0},"end":{"line":350,"column":0}}},"6":{"name":"(anonymous_7)","decl":{"start":{"line":350,"column":0},"end":{"line":null,"column":-1}},"loc":{"start":{"line":350,"column":0},"end":{"line":354,"column":0}}},"7":{"name":"patchIncidentDetail","decl":{"start":{"line":357,"column":0},"end":{"line":null,"column":-1}},"loc":{"start":{"line":357,"column":0},"end":{"line":380,"column":0}}},"8":{"name":"(anonymous_9)","decl":{"start":{"line":377,"column":0},"end":{"line":null,"column":-1}},"loc":{"start":{"line":377,"column":0},"end":{"line":379,"column":0}}},"9":{"name":"(anonymous_10)","decl":{"start":{"line":379,"column":0},"end":{"line":null,"column":-1}},"loc":{"start":{"line":379,"column":0},"end":{"line":null,"column":-1}}},"10":{"name":"getStatuses","decl":{"start":{"line":382,"column":0},"end":{"line":null,"column":-1}},"loc":{"start":{"line":382,"column":0},"end":{"line":415,"column":0}}},"11":{"name":"(anonymous_12)","decl":{"start":{"line":383,"column":0},"end":{"line":null,"column":-1}},"loc":{"start":{"line":383,"column":0},"end":{"line":410,"column":0}}},"12":{"name":"(anonymous_13)","decl":{"start":{"line":404,"column":0},"end":{"line":null,"column":-1}},"loc":{"start":{"line":404,"column":0},"end":{"line":406,"column":0}}},"13":{"name":"(anonymous_14)","decl":{"start":{"line":410,"column":0},"end":{"line":null,"column":-1}},"loc":{"start":{"line":410,"column":0},"end":{"line":414,"column":0}}},"14":{"name":"getPriorities","decl":{"start":{"line":417,"column":0},"end":{"line":null,"column":-1}},"loc":{"start":{"line":417,"column":0},"end":{"line":444,"column":0}}},"15":{"name":"(anonymous_16)","decl":{"start":{"line":418,"column":0},"end":{"line":null,"column":-1}},"loc":{"start":{"line":418,"column":0},"end":{"line":439,"column":0}}},"16":{"name":"(anonymous_17)","decl":{"start":{"line":433,"column":0},"end":{"line":null,"column":-1}},"loc":{"start":{"line":433,"column":0},"end":{"line":435,"column":0}}},"17":{"name":"(anonymous_18)","decl":{"start":{"line":439,"column":0},"end":{"line":null,"column":-1}},"loc":{"start":{"line":439,"column":0},"end":{"line":443,"column":0}}},"18":{"name":"getUsers","decl":{"start":{"line":446,"column":0},"end":{"line":null,"column":-1}},"loc":{"start":{"line":446,"column":0},"end":{"line":473,"column":0}}},"19":{"name":"(anonymous_20)","decl":{"start":{"line":447,"column":0},"end":{"line":null,"column":-1}},"loc":{"start":{"line":447,"column":0},"end":{"line":468,"column":0}}},"20":{"name":"(anonymous_21)","decl":{"start":{"line":462,"column":0},"end":{"line":null,"column":-1}},"loc":{"start":{"line":462,"column":0},"end":{"line":464,"column":0}}},"21":{"name":"(anonymous_22)","decl":{"start":{"line":468,"column":0},"end":{"line":null,"column":-1}},"loc":{"start":{"line":468,"column":0},"end":{"line":472,"column":0}}},"22":{"name":"getComments","decl":{"start":{"line":475,"column":0},"end":{"line":null,"column":-1}},"loc":{"start":{"line":475,"column":0},"end":{"line":513,"column":0}}},"23":{"name":"(anonymous_24)","decl":{"start":{"line":476,"column":0},"end":{"line":null,"column":-1}},"loc":{"start":{"line":476,"column":0},"end":{"line":508,"column":0}}},"24":{"name":"(anonymous_25)","decl":{"start":{"line":495,"column":0},"end":{"line":null,"column":-1}},"loc":{"start":{"line":495,"column":0},"end":{"line":497,"column":0}}},"25":{"name":"(anonymous_26)","decl":{"start":{"line":508,"column":0},"end":{"line":null,"column":-1}},"loc":{"start":{"line":508,"column":0},"end":{"line":512,"column":0}}},"26":{"name":"getEvents","decl":{"start":{"line":515,"column":0},"end":{"line":null,"column":-1}},"loc":{"start":{"line":515,"column":0},"end":{"line":541,"column":0}}},"27":{"name":"(anonymous_28)","decl":{"start":{"line":516,"column":0},"end":{"line":null,"column":-1}},"loc":{"start":{"line":516,"column":0},"end":{"line":536,"column":0}}},"28":{"name":"(anonymous_29)","decl":{"start":{"line":536,"column":0},"end":{"line":null,"column":-1}},"loc":{"start":{"line":536,"column":0},"end":{"line":540,"column":0}}},"29":{"name":"formatTime","decl":{"start":{"line":543,"column":0},"end":{"line":null,"column":-1}},"loc":{"start":{"line":543,"column":0},"end":{"line":545,"column":0}}},"30":{"name":"statusChange","decl":{"start":{"line":547,"column":0},"end":{"line":null,"column":-1}},"loc":{"start":{"line":547,"column":0},"end":{"line":550,"column":0}}},"31":{"name":"priorityChange","decl":{"start":{"line":552,"column":0},"end":{"line":null,"column":-1}},"loc":{"start":{"line":552,"column":0},"end":{"line":555,"column":0}}},"32":{"name":"dateChange","decl":{"start":{"line":557,"column":0},"end":{"line":null,"column":-1}},"loc":{"start":{"line":557,"column":0},"end":{"line":560,"column":0}}},"33":{"name":"assignChange","decl":{"start":{"line":562,"column":0},"end":{"line":null,"column":-1}},"loc":{"start":{"line":562,"column":0},"end":{"line":565,"column":0}}},"34":{"name":"handleClick","decl":{"start":{"line":567,"column":0},"end":{"line":null,"column":-1}},"loc":{"start":{"line":567,"column":0},"end":{"line":569,"column":0}}},"35":{"name":"currentChange","decl":{"start":{"line":571,"column":0},"end":{"line":null,"column":-1}},"loc":{"start":{"line":571,"column":0},"end":{"line":575,"column":0}}},"36":{"name":"showEdit","decl":{"start":{"line":577,"column":0},"end":{"line":null,"column":-1}},"loc":{"start":{"line":577,"column":0},"end":{"line":582,"column":0}}},"37":{"name":"(anonymous_38)","decl":{"start":{"line":579,"column":0},"end":{"line":null,"column":-1}},"loc":{"start":{"line":579,"column":0},"end":{"line":581,"column":0}}},"38":{"name":"saveAddComment","decl":{"start":{"line":584,"column":0},"end":{"line":null,"column":-1}},"loc":{"start":{"line":584,"column":0},"end":{"line":603,"column":0}}},"39":{"name":"(anonymous_40)","decl":{"start":{"line":589,"column":0},"end":{"line":null,"column":-1}},"loc":{"start":{"line":589,"column":0},"end":{"line":599,"column":0}}},"40":{"name":"(anonymous_41)","decl":{"start":{"line":599,"column":0},"end":{"line":null,"column":-1}},"loc":{"start":{"line":599,"column":0},"end":{"line":null,"column":-1}}},"41":{"name":"cancelAddComment","decl":{"start":{"line":605,"column":0},"end":{"line":null,"column":-1}},"loc":{"start":{"line":605,"column":0},"end":{"line":608,"column":0}}},"42":{"name":"inputEnter","decl":{"start":{"line":610,"column":0},"end":{"line":null,"column":-1}},"loc":{"start":{"line":610,"column":0},"end":{"line":612,"column":0}}},"43":{"name":"created","decl":{"start":{"line":614,"column":0},"end":{"line":null,"column":-1}},"loc":{"start":{"line":614,"column":0},"end":{"line":616,"column":0}}},"44":{"name":"mounted","decl":{"start":{"line":617,"column":0},"end":{"line":null,"column":-1}},"loc":{"start":{"line":617,"column":0},"end":{"line":null,"column":-1}}},"45":{"name":"statusValue","decl":{"start":{"line":620,"column":0},"end":{"line":null,"column":-1}},"loc":{"start":{"line":620,"column":0},"end":{"line":631,"column":0}}},"46":{"name":"(anonymous_47)","decl":{"start":{"line":622,"column":0},"end":{"line":null,"column":-1}},"loc":{"start":{"line":622,"column":0},"end":{"line":626,"column":0}}},"47":{"name":"(anonymous_48)","decl":{"start":{"line":627,"column":0},"end":{"line":null,"column":-1}},"loc":{"start":{"line":627,"column":0},"end":{"line":630,"column":0}}},"48":{"name":"get","decl":{"start":{"line":636,"column":0},"end":{"line":null,"column":-1}},"loc":{"start":{"line":636,"column":0},"end":{"line":640,"column":0}}},"49":{"name":"set","decl":{"start":{"line":642,"column":0},"end":{"line":null,"column":-1}},"loc":{"start":{"line":642,"column":0},"end":{"line":644,"column":0}}}},"branchMap":{"0":{"loc":{"start":{"line":297,"column":0},"end":{"line":308,"column":0}},"type":"if","locations":[{"start":{"line":297,"column":0},"end":{"line":308,"column":0}},{"start":{"line":297,"column":0},"end":{"line":308,"column":0}}]},"1":{"loc":{"start":{"line":301,"column":0},"end":{"line":307,"column":0}},"type":"if","locations":[{"start":{"line":301,"column":0},"end":{"line":307,"column":0}},{"start":{"line":301,"column":0},"end":{"line":307,"column":0}}]},"2":{"loc":{"start":{"line":312,"column":0},"end":{"line":323,"column":0}},"type":"if","locations":[{"start":{"line":312,"column":0},"end":{"line":323,"column":0}},{"start":{"line":312,"column":0},"end":{"line":323,"column":0}}]},"3":{"loc":{"start":{"line":316,"column":0},"end":{"line":322,"column":0}},"type":"if","locations":[{"start":{"line":316,"column":0},"end":{"line":322,"column":0}},{"start":{"line":316,"column":0},"end":{"line":322,"column":0}}]},"4":{"loc":{"start":{"line":342,"column":0},"end":{"line":349,"column":0}},"type":"if","locations":[{"start":{"line":342,"column":0},"end":{"line":349,"column":0}},{"start":{"line":342,"column":0},"end":{"line":349,"column":0}}]},"5":{"loc":{"start":{"line":361,"column":0},"end":{"line":364,"column":0}},"type":"switch","locations":[{"start":{"line":361,"column":0},"end":{"line":364,"column":0}},{"start":{"line":365,"column":0},"end":{"line":368,"column":0}},{"start":{"line":369,"column":0},"end":{"line":372,"column":0}},{"start":{"line":373,"column":0},"end":{"line":374,"column":0}}]},"6":{"loc":{"start":{"line":378,"column":0},"end":{"line":null,"column":-1}},"type":"cond-expr","locations":[{"start":{"line":378,"column":0},"end":{"line":null,"column":-1}},{"start":{"line":378,"column":0},"end":{"line":null,"column":-1}}]},"7":{"loc":{"start":{"line":387,"column":0},"end":{"line":409,"column":0}},"type":"if","locations":[{"start":{"line":387,"column":0},"end":{"line":409,"column":0}},{"start":{"line":387,"column":0},"end":{"line":409,"column":0}}]},"8":{"loc":{"start":{"line":422,"column":0},"end":{"line":438,"column":0}},"type":"if","locations":[{"start":{"line":422,"column":0},"end":{"line":438,"column":0}},{"start":{"line":422,"column":0},"end":{"line":438,"column":0}}]},"9":{"loc":{"start":{"line":451,"column":0},"end":{"line":467,"column":0}},"type":"if","locations":[{"start":{"line":451,"column":0},"end":{"line":467,"column":0}},{"start":{"line":451,"column":0},"end":{"line":467,"column":0}}]},"10":{"loc":{"start":{"line":480,"column":0},"end":{"line":507,"column":0}},"type":"if","locations":[{"start":{"line":480,"column":0},"end":{"line":507,"column":0}},{"start":{"line":480,"column":0},"end":{"line":507,"column":0}}]},"11":{"loc":{"start":{"line":484,"column":0},"end":{"line":null,"column":-1}},"type":"if","locations":[{"start":{"line":484,"column":0},"end":{"line":null,"column":-1}},{"start":{"line":484,"column":0},"end":{"line":null,"column":-1}}]},"12":{"loc":{"start":{"line":500,"column":0},"end":{"line":504,"column":0}},"type":"if","locations":[{"start":{"line":500,"column":0},"end":{"line":504,"column":0}},{"start":{"line":500,"column":0},"end":{"line":504,"column":0}}]},"13":{"loc":{"start":{"line":520,"column":0},"end":{"line":535,"column":0}},"type":"if","locations":[{"start":{"line":520,"column":0},"end":{"line":535,"column":0}},{"start":{"line":520,"column":0},"end":{"line":535,"column":0}}]},"14":{"loc":{"start":{"line":526,"column":0},"end":{"line":null,"column":-1}},"type":"binary-expr","locations":[{"start":{"line":526,"column":0},"end":{"line":null,"column":-1}},{"start":{"line":526,"column":0},"end":{"line":null,"column":-1}}]},"15":{"loc":{"start":{"line":527,"column":0},"end":{"line":531,"column":0}},"type":"if","locations":[{"start":{"line":527,"column":0},"end":{"line":531,"column":0}},{"start":{"line":527,"column":0},"end":{"line":531,"column":0}}]},"16":{"loc":{"start":{"line":528,"column":0},"end":{"line":null,"column":-1}},"type":"cond-expr","locations":[{"start":{"line":528,"column":0},"end":{"line":null,"column":-1}},{"start":{"line":528,"column":0},"end":{"line":null,"column":-1}}]},"17":{"loc":{"start":{"line":530,"column":0},"end":{"line":null,"column":-1}},"type":"cond-expr","locations":[{"start":{"line":530,"column":0},"end":{"line":null,"column":-1}},{"start":{"line":530,"column":0},"end":{"line":null,"column":-1}}]},"18":{"loc":{"start":{"line":585,"column":0},"end":{"line":null,"column":-1}},"type":"if","locations":[{"start":{"line":585,"column":0},"end":{"line":null,"column":-1}},{"start":{"line":585,"column":0},"end":{"line":null,"column":-1}}]},"19":{"loc":{"start":{"line":593,"column":0},"end":{"line":598,"column":0}},"type":"if","locations":[{"start":{"line":593,"column":0},"end":{"line":598,"column":0}},{"start":{"line":593,"column":0},"end":{"line":598,"column":0}}]},"20":{"loc":{"start":{"line":623,"column":0},"end":{"line":625,"column":0}},"type":"if","locations":[{"start":{"line":623,"column":0},"end":{"line":625,"column":0}},{"start":{"line":623,"column":0},"end":{"line":625,"column":0}}]},"21":{"loc":{"start":{"line":637,"column":0},"end":{"line":639,"column":0}},"type":"if","locations":[{"start":{"line":637,"column":0},"end":{"line":639,"column":0}},{"start":{"line":637,"column":0},"end":{"line":639,"column":0}}]}},"s":{"0":0,"1":0,"2":0,"3":0,"4":0,"5":0,"6":0,"7":0,"8":0,"9":0,"10":0,"11":0,"12":0,"13":0,"14":0,"15":0,"16":0,"17":0,"18":0,"19":0,"20":0,"21":0,"22":0,"23":0,"24":0,"25":0,"26":0,"27":0,"28":0,"29":0,"30":0,"31":0,"32":0,"33":0,"34":0,"35":0,"36":0,"37":0,"38":0,"39":0,"40":0,"41":0,"42":0,"43":0,"44":0,"45":0,"46":0,"47":0,"48":0,"49":0,"50":0,"51":0,"52":0,"53":0,"54":0,"55":0,"56":0,"57":0,"58":0,"59":0,"60":0,"61":0,"62":0,"63":0,"64":0,"65":0,"66":0,"67":0,"68":0,"69":0,"70":0,"71":0,"72":0,"73":0,"74":0,"75":0,"76":0,"77":0,"78":0,"79":0,"80":0,"81":0,"82":0,"83":0,"84":0,"85":0,"86":0,"87":0,"88":0,"89":0,"90":0,"91":0,"92":0,"93":0,"94":0,"95":0,"96":0,"97":0,"98":0,"99":0,"100":0,"101":0,"102":0,"103":0,"104":0,"105":0,"106":0,"107":0,"108":0,"109":0,"110":0,"111":0,"112":0,"113":0,"114":0,"115":0,"116":0,"117":0,"118":0,"119":0,"120":0,"121":0,"122":0,"123":0,"124":0,"125":0,"126":0,"127":0,"128":0,"129":0,"130":0,"131":0,"132":0,"133":0,"134":0,"135":0,"136":0,"137":0,"138":0,"139":0,"140":0,"141":0,"142":0},"f":{"0":0,"1":0,"2":0,"3":0,"4":0,"5":0,"6":0,"7":0,"8":0,"9":0,"10":0,"11":0,"12":0,"13":0,"14":0,"15":0,"16":0,"17":0,"18":0,"19":0,"20":0,"21":0,"22":0,"23":0,"24":0,"25":0,"26":0,"27":0,"28":0,"29":0,"30":0,"31":0,"32":0,"33":0,"34":0,"35":0,"36":0,"37":0,"38":0,"39":0,"40":0,"41":0,"42":0,"43":0,"44":0,"45":0,"46":0,"47":0,"48":0,"49":0},"b":{"0":[0,0],"1":[0,0],"2":[0,0],"3":[0,0],"4":[0,0],"5":[0,0,0,0],"6":[0,0],"7":[0,0],"8":[0,0],"9":[0,0],"10":[0,0],"11":[0,0],"12":[0,0],"13":[0,0],"14":[0,0],"15":[0,0],"16":[0,0],"17":[0,0],"18":[0,0],"19":[0,0],"20":[0,0],"21":[0,0]}}
,"C:\\Users\\G8235\\project\\本番コード\\frontend\\connect.TIME\\src\\components\\pages\\KnowledgeDetail.vue": {"path":"C:\\Users\\G8235\\project\\本番コード\\frontend\\connect.TIME\\src\\components\\pages\\KnowledgeDetail.vue","statementMap":{"0":{"start":{"line":99,"column":0},"end":{"line":null,"column":-1}},"1":{"start":{"line":100,"column":0},"end":{"line":null,"column":-1}},"2":{"start":{"line":101,"column":0},"end":{"line":null,"column":-1}},"3":{"start":{"line":102,"column":0},"end":{"line":null,"column":-1}},"4":{"start":{"line":110,"column":0},"end":{"line":null,"column":-1}},"5":{"start":{"line":143,"column":0},"end":{"line":null,"column":-1}},"6":{"start":{"line":144,"column":0},"end":{"line":null,"column":-1}},"7":{"start":{"line":149,"column":0},"end":{"line":null,"column":-1}},"8":{"start":{"line":154,"column":0},"end":{"line":null,"column":-1}},"9":{"start":{"line":159,"column":0},"end":{"line":null,"column":-1}},"10":{"start":{"line":160,"column":0},"end":{"line":null,"column":-1}},"11":{"start":{"line":161,"column":0},"end":{"line":null,"column":-1}},"12":{"start":{"line":165,"column":0},"end":{"line":null,"column":-1}},"13":{"start":{"line":166,"column":0},"end":{"line":null,"column":-1}},"14":{"start":{"line":167,"column":0},"end":{"line":169,"column":0}},"15":{"start":{"line":168,"column":0},"end":{"line":null,"column":-1}},"16":{"start":{"line":173,"column":0},"end":{"line":null,"column":-1}},"17":{"start":{"line":174,"column":0},"end":{"line":null,"column":-1}},"18":{"start":{"line":175,"column":0},"end":{"line":null,"column":-1}},"19":{"start":{"line":176,"column":0},"end":{"line":188,"column":0}},"20":{"start":{"line":181,"column":0},"end":{"line":null,"column":-1}},"21":{"start":{"line":182,"column":0},"end":{"line":187,"column":0}},"22":{"start":{"line":183,"column":0},"end":{"line":null,"column":-1}},"23":{"start":{"line":184,"column":0},"end":{"line":null,"column":-1}},"24":{"start":{"line":186,"column":0},"end":{"line":null,"column":-1}},"25":{"start":{"line":188,"column":0},"end":{"line":null,"column":-1}},"26":{"start":{"line":190,"column":0},"end":{"line":null,"column":-1}},"27":{"start":{"line":191,"column":0},"end":{"line":null,"column":-1}},"28":{"start":{"line":196,"column":0},"end":{"line":null,"column":-1}},"29":{"start":{"line":197,"column":0},"end":{"line":null,"column":-1}},"30":{"start":{"line":201,"column":0},"end":{"line":null,"column":-1}},"31":{"start":{"line":202,"column":0},"end":{"line":226,"column":0}},"32":{"start":{"line":204,"column":0},"end":{"line":221,"column":0}},"33":{"start":{"line":205,"column":0},"end":{"line":null,"column":-1}},"34":{"start":{"line":206,"column":0},"end":{"line":null,"column":-1}},"35":{"start":{"line":207,"column":0},"end":{"line":null,"column":-1}},"36":{"start":{"line":219,"column":0},"end":{"line":null,"column":-1}},"37":{"start":{"line":220,"column":0},"end":{"line":null,"column":-1}},"38":{"start":{"line":224,"column":0},"end":{"line":null,"column":-1}},"39":{"start":{"line":225,"column":0},"end":{"line":null,"column":-1}},"40":{"start":{"line":230,"column":0},"end":{"line":null,"column":-1}},"41":{"start":{"line":231,"column":0},"end":{"line":null,"column":-1}},"42":{"start":{"line":232,"column":0},"end":{"line":253,"column":0}},"43":{"start":{"line":241,"column":0},"end":{"line":249,"column":0}},"44":{"start":{"line":242,"column":0},"end":{"line":null,"column":-1}},"45":{"start":{"line":243,"column":0},"end":{"line":null,"column":-1}},"46":{"start":{"line":244,"column":0},"end":{"line":null,"column":-1}},"47":{"start":{"line":245,"column":0},"end":{"line":null,"column":-1}},"48":{"start":{"line":247,"column":0},"end":{"line":null,"column":-1}},"49":{"start":{"line":248,"column":0},"end":{"line":null,"column":-1}},"50":{"start":{"line":252,"column":0},"end":{"line":null,"column":-1}},"51":{"start":{"line":258,"column":0},"end":{"line":null,"column":-1}},"52":{"start":{"line":263,"column":0},"end":{"line":null,"column":-1}},"53":{"start":{"line":267,"column":0},"end":{"line":null,"column":-1}},"54":{"start":{"line":268,"column":0},"end":{"line":null,"column":-1}},"55":{"start":{"line":269,"column":0},"end":{"line":282,"column":0}},"56":{"start":{"line":271,"column":0},"end":{"line":278,"column":0}},"57":{"start":{"line":272,"column":0},"end":{"line":null,"column":-1}},"58":{"start":{"line":273,"column":0},"end":{"line":null,"column":-1}},"59":{"start":{"line":274,"column":0},"end":{"line":null,"column":-1}},"60":{"start":{"line":276,"column":0},"end":{"line":null,"column":-1}},"61":{"start":{"line":277,"column":0},"end":{"line":null,"column":-1}},"62":{"start":{"line":281,"column":0},"end":{"line":null,"column":-1}},"63":{"start":{"line":286,"column":0},"end":{"line":null,"column":-1}},"64":{"start":{"line":286,"column":0},"end":{"line":288,"column":0}},"65":{"start":{"line":293,"column":0},"end":{"line":null,"column":-1}},"66":{"start":{"line":298,"column":0},"end":{"line":null,"column":-1}},"67":{"start":{"line":299,"column":0},"end":{"line":null,"column":-1}},"68":{"start":{"line":300,"column":0},"end":{"line":311,"column":0}},"69":{"start":{"line":302,"column":0},"end":{"line":307,"column":0}},"70":{"start":{"line":303,"column":0},"end":{"line":null,"column":-1}},"71":{"start":{"line":305,"column":0},"end":{"line":null,"column":-1}},"72":{"start":{"line":306,"column":0},"end":{"line":null,"column":-1}},"73":{"start":{"line":310,"column":0},"end":{"line":null,"column":-1}}},"fnMap":{"0":{"name":"data","decl":{"start":{"line":109,"column":0},"end":{"line":null,"column":-1}},"loc":{"start":{"line":109,"column":0},"end":{"line":141,"column":0}}},"1":{"name":"created","decl":{"start":{"line":142,"column":0},"end":{"line":null,"column":-1}},"loc":{"start":{"line":142,"column":0},"end":{"line":145,"column":0}}},"2":{"name":"goEditPage","decl":{"start":{"line":148,"column":0},"end":{"line":null,"column":-1}},"loc":{"start":{"line":148,"column":0},"end":{"line":150,"column":0}}},"3":{"name":"formatTime","decl":{"start":{"line":153,"column":0},"end":{"line":null,"column":-1}},"loc":{"start":{"line":153,"column":0},"end":{"line":155,"column":0}}},"4":{"name":"currentChange","decl":{"start":{"line":158,"column":0},"end":{"line":null,"column":-1}},"loc":{"start":{"line":158,"column":0},"end":{"line":162,"column":0}}},"5":{"name":"showEdit","decl":{"start":{"line":165,"column":0},"end":{"line":null,"column":-1}},"loc":{"start":{"line":165,"column":0},"end":{"line":170,"column":0}}},"6":{"name":"(anonymous_8)","decl":{"start":{"line":167,"column":0},"end":{"line":null,"column":-1}},"loc":{"start":{"line":167,"column":0},"end":{"line":169,"column":0}}},"7":{"name":"saveAddComment","decl":{"start":{"line":173,"column":0},"end":{"line":null,"column":-1}},"loc":{"start":{"line":173,"column":0},"end":{"line":192,"column":0}}},"8":{"name":"(anonymous_10)","decl":{"start":{"line":178,"column":0},"end":{"line":null,"column":-1}},"loc":{"start":{"line":178,"column":0},"end":{"line":188,"column":0}}},"9":{"name":"(anonymous_11)","decl":{"start":{"line":188,"column":0},"end":{"line":null,"column":-1}},"loc":{"start":{"line":188,"column":0},"end":{"line":null,"column":-1}}},"10":{"name":"cancelAddComment","decl":{"start":{"line":195,"column":0},"end":{"line":null,"column":-1}},"loc":{"start":{"line":195,"column":0},"end":{"line":198,"column":0}}},"11":{"name":"getKnowledge","decl":{"start":{"line":201,"column":0},"end":{"line":null,"column":-1}},"loc":{"start":{"line":201,"column":0},"end":{"line":227,"column":0}}},"12":{"name":"(anonymous_14)","decl":{"start":{"line":202,"column":0},"end":{"line":null,"column":-1}},"loc":{"start":{"line":202,"column":0},"end":{"line":222,"column":0}}},"13":{"name":"(anonymous_15)","decl":{"start":{"line":222,"column":0},"end":{"line":null,"column":-1}},"loc":{"start":{"line":222,"column":0},"end":{"line":226,"column":0}}},"14":{"name":"getComments","decl":{"start":{"line":230,"column":0},"end":{"line":null,"column":-1}},"loc":{"start":{"line":230,"column":0},"end":{"line":254,"column":0}}},"15":{"name":"(anonymous_17)","decl":{"start":{"line":233,"column":0},"end":{"line":null,"column":-1}},"loc":{"start":{"line":233,"column":0},"end":{"line":250,"column":0}}},"16":{"name":"(anonymous_18)","decl":{"start":{"line":250,"column":0},"end":{"line":null,"column":-1}},"loc":{"start":{"line":250,"column":0},"end":{"line":253,"column":0}}},"17":{"name":"openCommentForm","decl":{"start":{"line":257,"column":0},"end":{"line":null,"column":-1}},"loc":{"start":{"line":257,"column":0},"end":{"line":259,"column":0}}},"18":{"name":"closeCommentForm","decl":{"start":{"line":262,"column":0},"end":{"line":null,"column":-1}},"loc":{"start":{"line":262,"column":0},"end":{"line":264,"column":0}}},"19":{"name":"updateComment","decl":{"start":{"line":267,"column":0},"end":{"line":null,"column":-1}},"loc":{"start":{"line":267,"column":0},"end":{"line":283,"column":0}}},"20":{"name":"(anonymous_22)","decl":{"start":{"line":269,"column":0},"end":{"line":null,"column":-1}},"loc":{"start":{"line":269,"column":0},"end":{"line":279,"column":0}}},"21":{"name":"(anonymous_23)","decl":{"start":{"line":279,"column":0},"end":{"line":null,"column":-1}},"loc":{"start":{"line":279,"column":0},"end":{"line":282,"column":0}}},"22":{"name":"deleteCommentConfirm","decl":{"start":{"line":286,"column":0},"end":{"line":null,"column":-1}},"loc":{"start":{"line":286,"column":0},"end":{"line":295,"column":0}}},"23":{"name":"deleteComment","decl":{"start":{"line":298,"column":0},"end":{"line":null,"column":-1}},"loc":{"start":{"line":298,"column":0},"end":{"line":312,"column":0}}},"24":{"name":"(anonymous_28)","decl":{"start":{"line":300,"column":0},"end":{"line":null,"column":-1}},"loc":{"start":{"line":300,"column":0},"end":{"line":308,"column":0}}},"25":{"name":"(anonymous_29)","decl":{"start":{"line":308,"column":0},"end":{"line":null,"column":-1}},"loc":{"start":{"line":308,"column":0},"end":{"line":311,"column":0}}}},"branchMap":{"0":{"loc":{"start":{"line":174,"column":0},"end":{"line":null,"column":-1}},"type":"if","locations":[{"start":{"line":174,"column":0},"end":{"line":null,"column":-1}},{"start":{"line":174,"column":0},"end":{"line":null,"column":-1}}]},"1":{"loc":{"start":{"line":182,"column":0},"end":{"line":187,"column":0}},"type":"if","locations":[{"start":{"line":182,"column":0},"end":{"line":187,"column":0}},{"start":{"line":182,"column":0},"end":{"line":187,"column":0}}]},"2":{"loc":{"start":{"line":204,"column":0},"end":{"line":221,"column":0}},"type":"if","locations":[{"start":{"line":204,"column":0},"end":{"line":221,"column":0}},{"start":{"line":204,"column":0},"end":{"line":221,"column":0}}]},"3":{"loc":{"start":{"line":241,"column":0},"end":{"line":249,"column":0}},"type":"if","locations":[{"start":{"line":241,"column":0},"end":{"line":249,"column":0}},{"start":{"line":241,"column":0},"end":{"line":249,"column":0}}]},"4":{"loc":{"start":{"line":271,"column":0},"end":{"line":278,"column":0}},"type":"if","locations":[{"start":{"line":271,"column":0},"end":{"line":278,"column":0}},{"start":{"line":271,"column":0},"end":{"line":278,"column":0}}]},"5":{"loc":{"start":{"line":286,"column":0},"end":{"line":288,"column":0}},"type":"switch","locations":[{"start":{"line":286,"column":0},"end":{"line":288,"column":0}},{"start":{"line":286,"column":0},"end":{"line":null,"column":-1}},{"start":{"line":286,"column":0},"end":{"line":null,"column":-1}},{"start":{"line":286,"column":0},"end":{"line":null,"column":-1}},{"start":{"line":286,"column":0},"end":{"line":null,"column":-1}}]},"6":{"loc":{"start":{"line":302,"column":0},"end":{"line":307,"column":0}},"type":"if","locations":[{"start":{"line":302,"column":0},"end":{"line":307,"column":0}},{"start":{"line":302,"column":0},"end":{"line":307,"column":0}}]}},"s":{"0":0,"1":0,"2":0,"3":0,"4":0,"5":0,"6":0,"7":0,"8":0,"9":0,"10":0,"11":0,"12":0,"13":0,"14":0,"15":0,"16":0,"17":0,"18":0,"19":0,"20":0,"21":0,"22":0,"23":0,"24":0,"25":0,"26":0,"27":0,"28":0,"29":0,"30":0,"31":0,"32":0,"33":0,"34":0,"35":0,"36":0,"37":0,"38":0,"39":0,"40":0,"41":0,"42":0,"43":0,"44":0,"45":0,"46":0,"47":0,"48":0,"49":0,"50":0,"51":0,"52":0,"53":0,"54":0,"55":0,"56":0,"57":0,"58":0,"59":0,"60":0,"61":0,"62":0,"63":0,"64":0,"65":0,"66":0,"67":0,"68":0,"69":0,"70":0,"71":0,"72":0,"73":0},"f":{"0":0,"1":0,"2":0,"3":0,"4":0,"5":0,"6":0,"7":0,"8":0,"9":0,"10":0,"11":0,"12":0,"13":0,"14":0,"15":0,"16":0,"17":0,"18":0,"19":0,"20":0,"21":0,"22":0,"23":0,"24":0,"25":0},"b":{"0":[0,0],"1":[0,0],"2":[0,0],"3":[0,0],"4":[0,0],"5":[0,0,0,0,0],"6":[0,0]}}
,"C:\\Users\\G8235\\project\\本番コード\\frontend\\connect.TIME\\src\\components\\pages\\KnowledgeEdit.vue": {"path":"C:\\Users\\G8235\\project\\本番コード\\frontend\\connect.TIME\\src\\components\\pages\\KnowledgeEdit.vue","statementMap":{"0":{"start":{"line":78,"column":0},"end":{"line":null,"column":-1}},"1":{"start":{"line":85,"column":0},"end":{"line":null,"column":-1}},"2":{"start":{"line":106,"column":0},"end":{"line":null,"column":-1}},"3":{"start":{"line":107,"column":0},"end":{"line":null,"column":-1}},"4":{"start":{"line":111,"column":0},"end":{"line":null,"column":-1}},"5":{"start":{"line":118,"column":0},"end":{"line":120,"column":0}},"6":{"start":{"line":119,"column":0},"end":{"line":null,"column":-1}},"7":{"start":{"line":124,"column":0},"end":{"line":null,"column":-1}},"8":{"start":{"line":125,"column":0},"end":{"line":131,"column":0}},"9":{"start":{"line":127,"column":0},"end":{"line":null,"column":-1}},"10":{"start":{"line":130,"column":0},"end":{"line":null,"column":-1}},"11":{"start":{"line":134,"column":0},"end":{"line":136,"column":0}},"12":{"start":{"line":135,"column":0},"end":{"line":null,"column":-1}},"13":{"start":{"line":137,"column":0},"end":{"line":141,"column":0}},"14":{"start":{"line":138,"column":0},"end":{"line":null,"column":-1}},"15":{"start":{"line":140,"column":0},"end":{"line":null,"column":-1}},"16":{"start":{"line":143,"column":0},"end":{"line":null,"column":-1}},"17":{"start":{"line":145,"column":0},"end":{"line":null,"column":-1}},"18":{"start":{"line":146,"column":0},"end":{"line":155,"column":0}},"19":{"start":{"line":152,"column":0},"end":{"line":null,"column":-1}},"20":{"start":{"line":157,"column":0},"end":{"line":null,"column":-1}},"21":{"start":{"line":160,"column":0},"end":{"line":null,"column":-1}},"22":{"start":{"line":163,"column":0},"end":{"line":null,"column":-1}},"23":{"start":{"line":166,"column":0},"end":{"line":169,"column":0}},"24":{"start":{"line":167,"column":0},"end":{"line":null,"column":-1}},"25":{"start":{"line":168,"column":0},"end":{"line":null,"column":-1}},"26":{"start":{"line":171,"column":0},"end":{"line":174,"column":0}},"27":{"start":{"line":172,"column":0},"end":{"line":null,"column":-1}},"28":{"start":{"line":173,"column":0},"end":{"line":null,"column":-1}},"29":{"start":{"line":176,"column":0},"end":{"line":179,"column":0}},"30":{"start":{"line":177,"column":0},"end":{"line":null,"column":-1}},"31":{"start":{"line":178,"column":0},"end":{"line":null,"column":-1}},"32":{"start":{"line":181,"column":0},"end":{"line":184,"column":0}},"33":{"start":{"line":182,"column":0},"end":{"line":null,"column":-1}},"34":{"start":{"line":183,"column":0},"end":{"line":null,"column":-1}},"35":{"start":{"line":186,"column":0},"end":{"line":null,"column":-1}},"36":{"start":{"line":188,"column":0},"end":{"line":null,"column":-1}},"37":{"start":{"line":189,"column":0},"end":{"line":191,"column":0}},"38":{"start":{"line":190,"column":0},"end":{"line":null,"column":-1}},"39":{"start":{"line":193,"column":0},"end":{"line":null,"column":-1}},"40":{"start":{"line":194,"column":0},"end":{"line":215,"column":0}},"41":{"start":{"line":196,"column":0},"end":{"line":210,"column":0}},"42":{"start":{"line":197,"column":0},"end":{"line":null,"column":-1}},"43":{"start":{"line":206,"column":0},"end":{"line":null,"column":-1}},"44":{"start":{"line":208,"column":0},"end":{"line":null,"column":-1}},"45":{"start":{"line":209,"column":0},"end":{"line":null,"column":-1}},"46":{"start":{"line":213,"column":0},"end":{"line":null,"column":-1}},"47":{"start":{"line":214,"column":0},"end":{"line":null,"column":-1}},"48":{"start":{"line":217,"column":0},"end":{"line":null,"column":-1}},"49":{"start":{"line":218,"column":0},"end":{"line":null,"column":-1}},"50":{"start":{"line":219,"column":0},"end":{"line":243,"column":0}},"51":{"start":{"line":226,"column":0},"end":{"line":238,"column":0}},"52":{"start":{"line":227,"column":0},"end":{"line":null,"column":-1}},"53":{"start":{"line":228,"column":0},"end":{"line":null,"column":-1}},"54":{"start":{"line":229,"column":0},"end":{"line":null,"column":-1}},"55":{"start":{"line":236,"column":0},"end":{"line":null,"column":-1}},"56":{"start":{"line":237,"column":0},"end":{"line":null,"column":-1}},"57":{"start":{"line":242,"column":0},"end":{"line":null,"column":-1}},"58":{"start":{"line":245,"column":0},"end":{"line":null,"column":-1}},"59":{"start":{"line":246,"column":0},"end":{"line":269,"column":0}},"60":{"start":{"line":253,"column":0},"end":{"line":264,"column":0}},"61":{"start":{"line":254,"column":0},"end":{"line":null,"column":-1}},"62":{"start":{"line":255,"column":0},"end":{"line":null,"column":-1}},"63":{"start":{"line":262,"column":0},"end":{"line":null,"column":-1}},"64":{"start":{"line":263,"column":0},"end":{"line":null,"column":-1}},"65":{"start":{"line":268,"column":0},"end":{"line":null,"column":-1}},"66":{"start":{"line":271,"column":0},"end":{"line":null,"column":-1}},"67":{"start":{"line":272,"column":0},"end":{"line":285,"column":0}},"68":{"start":{"line":274,"column":0},"end":{"line":280,"column":0}},"69":{"start":{"line":275,"column":0},"end":{"line":null,"column":-1}},"70":{"start":{"line":276,"column":0},"end":{"line":null,"column":-1}},"71":{"start":{"line":278,"column":0},"end":{"line":null,"column":-1}},"72":{"start":{"line":279,"column":0},"end":{"line":null,"column":-1}},"73":{"start":{"line":284,"column":0},"end":{"line":null,"column":-1}},"74":{"start":{"line":289,"column":0},"end":{"line":null,"column":-1}},"75":{"start":{"line":290,"column":0},"end":{"line":null,"column":-1}},"76":{"start":{"line":294,"column":0},"end":{"line":325,"column":0}},"77":{"start":{"line":295,"column":0},"end":{"line":null,"column":-1}},"78":{"start":{"line":296,"column":0},"end":{"line":null,"column":-1}},"79":{"start":{"line":297,"column":0},"end":{"line":null,"column":-1}},"80":{"start":{"line":306,"column":0},"end":{"line":320,"column":0}},"81":{"start":{"line":307,"column":0},"end":{"line":313,"column":0}},"82":{"start":{"line":309,"column":0},"end":{"line":null,"column":-1}},"83":{"start":{"line":310,"column":0},"end":{"line":null,"column":-1}},"84":{"start":{"line":312,"column":0},"end":{"line":null,"column":-1}},"85":{"start":{"line":315,"column":0},"end":{"line":319,"column":0}},"86":{"start":{"line":317,"column":0},"end":{"line":null,"column":-1}},"87":{"start":{"line":318,"column":0},"end":{"line":null,"column":-1}},"88":{"start":{"line":322,"column":0},"end":{"line":324,"column":0}},"89":{"start":{"line":323,"column":0},"end":{"line":null,"column":-1}},"90":{"start":{"line":332,"column":0},"end":{"line":null,"column":-1}},"91":{"start":{"line":333,"column":0},"end":{"line":null,"column":-1}},"92":{"start":{"line":340,"column":0},"end":{"line":null,"column":-1}},"93":{"start":{"line":341,"column":0},"end":{"line":null,"column":-1}},"94":{"start":{"line":342,"column":0},"end":{"line":null,"column":-1}},"95":{"start":{"line":343,"column":0},"end":{"line":null,"column":-1}},"96":{"start":{"line":344,"column":0},"end":{"line":null,"column":-1}},"97":{"start":{"line":345,"column":0},"end":{"line":null,"column":-1}}},"fnMap":{"0":{"name":"data","decl":{"start":{"line":84,"column":0},"end":{"line":null,"column":-1}},"loc":{"start":{"line":84,"column":0},"end":{"line":104,"column":0}}},"1":{"name":"created","decl":{"start":{"line":105,"column":0},"end":{"line":null,"column":-1}},"loc":{"start":{"line":105,"column":0},"end":{"line":112,"column":0}}},"2":{"name":"mounted","decl":{"start":{"line":113,"column":0},"end":{"line":null,"column":-1}},"loc":{"start":{"line":113,"column":0},"end":{"line":null,"column":-1}}},"3":{"name":"checkPageMode","decl":{"start":{"line":117,"column":0},"end":{"line":null,"column":-1}},"loc":{"start":{"line":117,"column":0},"end":{"line":121,"column":0}}},"4":{"name":"onClickCancel","decl":{"start":{"line":122,"column":0},"end":{"line":null,"column":-1}},"loc":{"start":{"line":122,"column":0},"end":{"line":132,"column":0}}},"5":{"name":"onClickSave","decl":{"start":{"line":133,"column":0},"end":{"line":null,"column":-1}},"loc":{"start":{"line":133,"column":0},"end":{"line":144,"column":0}}},"6":{"name":"onClickDelete","decl":{"start":{"line":145,"column":0},"end":{"line":null,"column":-1}},"loc":{"start":{"line":145,"column":0},"end":{"line":158,"column":0}}},"7":{"name":"(anonymous_9)","decl":{"start":{"line":146,"column":0},"end":{"line":null,"column":-1}},"loc":{"start":{"line":146,"column":0},"end":{"line":153,"column":0}}},"8":{"name":"(anonymous_10)","decl":{"start":{"line":153,"column":0},"end":{"line":null,"column":-1}},"loc":{"start":{"line":153,"column":0},"end":{"line":155,"column":0}}},"9":{"name":"onProblemDetailsChange","decl":{"start":{"line":159,"column":0},"end":{"line":null,"column":-1}},"loc":{"start":{"line":159,"column":0},"end":{"line":161,"column":0}}},"10":{"name":"onContentChange","decl":{"start":{"line":162,"column":0},"end":{"line":null,"column":-1}},"loc":{"start":{"line":162,"column":0},"end":{"line":164,"column":0}}},"11":{"name":"checkForm","decl":{"start":{"line":165,"column":0},"end":{"line":null,"column":-1}},"loc":{"start":{"line":165,"column":0},"end":{"line":187,"column":0}}},"12":{"name":"getCategories","decl":{"start":{"line":188,"column":0},"end":{"line":null,"column":-1}},"loc":{"start":{"line":188,"column":0},"end":{"line":192,"column":0}}},"13":{"name":"(anonymous_15)","decl":{"start":{"line":189,"column":0},"end":{"line":null,"column":-1}},"loc":{"start":{"line":189,"column":0},"end":{"line":191,"column":0}}},"14":{"name":"getKnowledge","decl":{"start":{"line":193,"column":0},"end":{"line":null,"column":-1}},"loc":{"start":{"line":193,"column":0},"end":{"line":216,"column":0}}},"15":{"name":"(anonymous_17)","decl":{"start":{"line":194,"column":0},"end":{"line":null,"column":-1}},"loc":{"start":{"line":194,"column":0},"end":{"line":211,"column":0}}},"16":{"name":"(anonymous_18)","decl":{"start":{"line":211,"column":0},"end":{"line":null,"column":-1}},"loc":{"start":{"line":211,"column":0},"end":{"line":215,"column":0}}},"17":{"name":"postKnowledge","decl":{"start":{"line":217,"column":0},"end":{"line":null,"column":-1}},"loc":{"start":{"line":217,"column":0},"end":{"line":244,"column":0}}},"18":{"name":"(anonymous_20)","decl":{"start":{"line":219,"column":0},"end":{"line":null,"column":-1}},"loc":{"start":{"line":219,"column":0},"end":{"line":239,"column":0}}},"19":{"name":"(anonymous_21)","decl":{"start":{"line":239,"column":0},"end":{"line":null,"column":-1}},"loc":{"start":{"line":239,"column":0},"end":{"line":243,"column":0}}},"20":{"name":"patchKnowledge","decl":{"start":{"line":245,"column":0},"end":{"line":null,"column":-1}},"loc":{"start":{"line":245,"column":0},"end":{"line":270,"column":0}}},"21":{"name":"(anonymous_23)","decl":{"start":{"line":246,"column":0},"end":{"line":null,"column":-1}},"loc":{"start":{"line":246,"column":0},"end":{"line":265,"column":0}}},"22":{"name":"(anonymous_24)","decl":{"start":{"line":265,"column":0},"end":{"line":null,"column":-1}},"loc":{"start":{"line":265,"column":0},"end":{"line":269,"column":0}}},"23":{"name":"deleteKnowledge","decl":{"start":{"line":271,"column":0},"end":{"line":null,"column":-1}},"loc":{"start":{"line":271,"column":0},"end":{"line":286,"column":0}}},"24":{"name":"(anonymous_26)","decl":{"start":{"line":272,"column":0},"end":{"line":null,"column":-1}},"loc":{"start":{"line":272,"column":0},"end":{"line":281,"column":0}}},"25":{"name":"(anonymous_27)","decl":{"start":{"line":281,"column":0},"end":{"line":null,"column":-1}},"loc":{"start":{"line":281,"column":0},"end":{"line":285,"column":0}}},"26":{"name":"deleteStore","decl":{"start":{"line":288,"column":0},"end":{"line":null,"column":-1}},"loc":{"start":{"line":288,"column":0},"end":{"line":291,"column":0}}},"27":{"name":"getData","decl":{"start":{"line":293,"column":0},"end":{"line":null,"column":-1}},"loc":{"start":{"line":293,"column":0},"end":{"line":326,"column":0}}},"28":{"name":"handler","decl":{"start":{"line":331,"column":0},"end":{"line":null,"column":-1}},"loc":{"start":{"line":331,"column":0},"end":{"line":346,"column":0}}}},"branchMap":{"0":{"loc":{"start":{"line":118,"column":0},"end":{"line":120,"column":0}},"type":"if","locations":[{"start":{"line":118,"column":0},"end":{"line":120,"column":0}},{"start":{"line":118,"column":0},"end":{"line":120,"column":0}}]},"1":{"loc":{"start":{"line":125,"column":0},"end":{"line":131,"column":0}},"type":"if","locations":[{"start":{"line":125,"column":0},"end":{"line":131,"column":0}},{"start":{"line":125,"column":0},"end":{"line":131,"column":0}}]},"2":{"loc":{"start":{"line":134,"column":0},"end":{"line":136,"column":0}},"type":"if","locations":[{"start":{"line":134,"column":0},"end":{"line":136,"column":0}},{"start":{"line":134,"column":0},"end":{"line":136,"column":0}}]},"3":{"loc":{"start":{"line":137,"column":0},"end":{"line":141,"column":0}},"type":"if","locations":[{"start":{"line":137,"column":0},"end":{"line":141,"column":0}},{"start":{"line":137,"column":0},"end":{"line":141,"column":0}}]},"4":{"loc":{"start":{"line":166,"column":0},"end":{"line":169,"column":0}},"type":"if","locations":[{"start":{"line":166,"column":0},"end":{"line":169,"column":0}},{"start":{"line":166,"column":0},"end":{"line":169,"column":0}}]},"5":{"loc":{"start":{"line":171,"column":0},"end":{"line":174,"column":0}},"type":"if","locations":[{"start":{"line":171,"column":0},"end":{"line":174,"column":0}},{"start":{"line":171,"column":0},"end":{"line":174,"column":0}}]},"6":{"loc":{"start":{"line":176,"column":0},"end":{"line":179,"column":0}},"type":"if","locations":[{"start":{"line":176,"column":0},"end":{"line":179,"column":0}},{"start":{"line":176,"column":0},"end":{"line":179,"column":0}}]},"7":{"loc":{"start":{"line":181,"column":0},"end":{"line":184,"column":0}},"type":"if","locations":[{"start":{"line":181,"column":0},"end":{"line":184,"column":0}},{"start":{"line":181,"column":0},"end":{"line":184,"column":0}}]},"8":{"loc":{"start":{"line":196,"column":0},"end":{"line":210,"column":0}},"type":"if","locations":[{"start":{"line":196,"column":0},"end":{"line":210,"column":0}},{"start":{"line":196,"column":0},"end":{"line":210,"column":0}}]},"9":{"loc":{"start":{"line":226,"column":0},"end":{"line":238,"column":0}},"type":"if","locations":[{"start":{"line":226,"column":0},"end":{"line":238,"column":0}},{"start":{"line":226,"column":0},"end":{"line":238,"column":0}}]},"10":{"loc":{"start":{"line":253,"column":0},"end":{"line":264,"column":0}},"type":"if","locations":[{"start":{"line":253,"column":0},"end":{"line":264,"column":0}},{"start":{"line":253,"column":0},"end":{"line":264,"column":0}}]},"11":{"loc":{"start":{"line":274,"column":0},"end":{"line":280,"column":0}},"type":"if","locations":[{"start":{"line":274,"column":0},"end":{"line":280,"column":0}},{"start":{"line":274,"column":0},"end":{"line":280,"column":0}}]},"12":{"loc":{"start":{"line":289,"column":0},"end":{"line":null,"column":-1}},"type":"if","locations":[{"start":{"line":289,"column":0},"end":{"line":null,"column":-1}},{"start":{"line":289,"column":0},"end":{"line":null,"column":-1}}]},"13":{"loc":{"start":{"line":294,"column":0},"end":{"line":325,"column":0}},"type":"if","locations":[{"start":{"line":294,"column":0},"end":{"line":325,"column":0}},{"start":{"line":294,"column":0},"end":{"line":325,"column":0}}]},"14":{"loc":{"start":{"line":306,"column":0},"end":{"line":320,"column":0}},"type":"if","locations":[{"start":{"line":306,"column":0},"end":{"line":320,"column":0}},{"start":{"line":306,"column":0},"end":{"line":320,"column":0}}]},"15":{"loc":{"start":{"line":307,"column":0},"end":{"line":313,"column":0}},"type":"if","locations":[{"start":{"line":307,"column":0},"end":{"line":313,"column":0}},{"start":{"line":307,"column":0},"end":{"line":313,"column":0}}]},"16":{"loc":{"start":{"line":315,"column":0},"end":{"line":319,"column":0}},"type":"if","locations":[{"start":{"line":315,"column":0},"end":{"line":319,"column":0}},{"start":{"line":315,"column":0},"end":{"line":319,"column":0}}]},"17":{"loc":{"start":{"line":322,"column":0},"end":{"line":324,"column":0}},"type":"if","locations":[{"start":{"line":322,"column":0},"end":{"line":324,"column":0}},{"start":{"line":322,"column":0},"end":{"line":324,"column":0}}]},"18":{"loc":{"start":{"line":332,"column":0},"end":{"line":null,"column":-1}},"type":"if","locations":[{"start":{"line":332,"column":0},"end":{"line":null,"column":-1}},{"start":{"line":332,"column":0},"end":{"line":null,"column":-1}}]},"19":{"loc":{"start":{"line":341,"column":0},"end":{"line":null,"column":-1}},"type":"cond-expr","locations":[{"start":{"line":341,"column":0},"end":{"line":null,"column":-1}},{"start":{"line":341,"column":0},"end":{"line":null,"column":-1}}]}},"s":{"0":0,"1":0,"2":0,"3":0,"4":0,"5":0,"6":0,"7":0,"8":0,"9":0,"10":0,"11":0,"12":0,"13":0,"14":0,"15":0,"16":0,"17":0,"18":0,"19":0,"20":0,"21":0,"22":0,"23":0,"24":0,"25":0,"26":0,"27":0,"28":0,"29":0,"30":0,"31":0,"32":0,"33":0,"34":0,"35":0,"36":0,"37":0,"38":0,"39":0,"40":0,"41":0,"42":0,"43":0,"44":0,"45":0,"46":0,"47":0,"48":0,"49":0,"50":0,"51":0,"52":0,"53":0,"54":0,"55":0,"56":0,"57":0,"58":0,"59":0,"60":0,"61":0,"62":0,"63":0,"64":0,"65":0,"66":0,"67":0,"68":0,"69":0,"70":0,"71":0,"72":0,"73":0,"74":0,"75":0,"76":0,"77":0,"78":0,"79":0,"80":0,"81":0,"82":0,"83":0,"84":0,"85":0,"86":0,"87":0,"88":0,"89":0,"90":0,"91":0,"92":0,"93":0,"94":0,"95":0,"96":0,"97":0},"f":{"0":0,"1":0,"2":0,"3":0,"4":0,"5":0,"6":0,"7":0,"8":0,"9":0,"10":0,"11":0,"12":0,"13":0,"14":0,"15":0,"16":0,"17":0,"18":0,"19":0,"20":0,"21":0,"22":0,"23":0,"24":0,"25":0,"26":0,"27":0,"28":0},"b":{"0":[0,0],"1":[0,0],"2":[0,0],"3":[0,0],"4":[0,0],"5":[0,0],"6":[0,0],"7":[0,0],"8":[0,0],"9":[0,0],"10":[0,0],"11":[0,0],"12":[0,0],"13":[0,0],"14":[0,0],"15":[0,0],"16":[0,0],"17":[0,0],"18":[0,0],"19":[0,0]}}
,"C:\\Users\\G8235\\project\\本番コード\\frontend\\connect.TIME\\src\\components\\pages\\KnowledgeList.vue": {"path":"C:\\Users\\G8235\\project\\本番コード\\frontend\\connect.TIME\\src\\components\\pages\\KnowledgeList.vue","statementMap":{"0":{"start":{"line":84,"column":0},"end":{"line":null,"column":-1}},"1":{"start":{"line":85,"column":0},"end":{"line":null,"column":-1}},"2":{"start":{"line":92,"column":0},"end":{"line":null,"column":-1}},"3":{"start":{"line":222,"column":0},"end":{"line":null,"column":-1}},"4":{"start":{"line":223,"column":0},"end":{"line":null,"column":-1}},"5":{"start":{"line":224,"column":0},"end":{"line":234,"column":0}},"6":{"start":{"line":225,"column":0},"end":{"line":null,"column":-1}},"7":{"start":{"line":227,"column":0},"end":{"line":null,"column":-1}},"8":{"start":{"line":228,"column":0},"end":{"line":233,"column":0}},"9":{"start":{"line":229,"column":0},"end":{"line":null,"column":-1}},"10":{"start":{"line":230,"column":0},"end":{"line":null,"column":-1}},"11":{"start":{"line":232,"column":0},"end":{"line":null,"column":-1}},"12":{"start":{"line":239,"column":0},"end":{"line":null,"column":-1}},"13":{"start":{"line":240,"column":0},"end":{"line":null,"column":-1}},"14":{"start":{"line":241,"column":0},"end":{"line":null,"column":-1}},"15":{"start":{"line":244,"column":0},"end":{"line":null,"column":-1}},"16":{"start":{"line":245,"column":0},"end":{"line":284,"column":0}},"17":{"start":{"line":249,"column":0},"end":{"line":283,"column":0}},"18":{"start":{"line":267,"column":0},"end":{"line":null,"column":-1}},"19":{"start":{"line":268,"column":0},"end":{"line":null,"column":-1}},"20":{"start":{"line":269,"column":0},"end":{"line":null,"column":-1}},"21":{"start":{"line":270,"column":0},"end":{"line":280,"column":0}},"22":{"start":{"line":271,"column":0},"end":{"line":null,"column":-1}},"23":{"start":{"line":282,"column":0},"end":{"line":null,"column":-1}},"24":{"start":{"line":284,"column":0},"end":{"line":null,"column":-1}},"25":{"start":{"line":287,"column":0},"end":{"line":null,"column":-1}},"26":{"start":{"line":288,"column":0},"end":{"line":293,"column":0}},"27":{"start":{"line":290,"column":0},"end":{"line":292,"column":0}},"28":{"start":{"line":291,"column":0},"end":{"line":null,"column":-1}},"29":{"start":{"line":296,"column":0},"end":{"line":null,"column":-1}},"30":{"start":{"line":297,"column":0},"end":{"line":302,"column":0}},"31":{"start":{"line":299,"column":0},"end":{"line":301,"column":0}},"32":{"start":{"line":300,"column":0},"end":{"line":null,"column":-1}},"33":{"start":{"line":306,"column":0},"end":{"line":null,"column":-1}},"34":{"start":{"line":315,"column":0},"end":{"line":null,"column":-1}},"35":{"start":{"line":320,"column":0},"end":{"line":null,"column":-1}},"36":{"start":{"line":335,"column":0},"end":{"line":null,"column":-1}},"37":{"start":{"line":336,"column":0},"end":{"line":null,"column":-1}},"38":{"start":{"line":339,"column":0},"end":{"line":null,"column":-1}},"39":{"start":{"line":340,"column":0},"end":{"line":null,"column":-1}},"40":{"start":{"line":341,"column":0},"end":{"line":null,"column":-1}},"41":{"start":{"line":342,"column":0},"end":{"line":null,"column":-1}},"42":{"start":{"line":345,"column":0},"end":{"line":null,"column":-1}},"43":{"start":{"line":346,"column":0},"end":{"line":null,"column":-1}},"44":{"start":{"line":347,"column":0},"end":{"line":null,"column":-1}},"45":{"start":{"line":348,"column":0},"end":{"line":null,"column":-1}},"46":{"start":{"line":351,"column":0},"end":{"line":null,"column":-1}},"47":{"start":{"line":352,"column":0},"end":{"line":null,"column":-1}},"48":{"start":{"line":353,"column":0},"end":{"line":null,"column":-1}},"49":{"start":{"line":354,"column":0},"end":{"line":null,"column":-1}},"50":{"start":{"line":357,"column":0},"end":{"line":null,"column":-1}},"51":{"start":{"line":362,"column":0},"end":{"line":null,"column":-1}},"52":{"start":{"line":363,"column":0},"end":{"line":null,"column":-1}},"53":{"start":{"line":364,"column":0},"end":{"line":null,"column":-1}},"54":{"start":{"line":365,"column":0},"end":{"line":null,"column":-1}},"55":{"start":{"line":366,"column":0},"end":{"line":null,"column":-1}},"56":{"start":{"line":372,"column":0},"end":{"line":null,"column":-1}},"57":{"start":{"line":373,"column":0},"end":{"line":378,"column":0}},"58":{"start":{"line":374,"column":0},"end":{"line":null,"column":-1}},"59":{"start":{"line":375,"column":0},"end":{"line":null,"column":-1}},"60":{"start":{"line":377,"column":0},"end":{"line":null,"column":-1}},"61":{"start":{"line":390,"column":0},"end":{"line":397,"column":0}},"62":{"start":{"line":391,"column":0},"end":{"line":null,"column":-1}},"63":{"start":{"line":401,"column":0},"end":{"line":null,"column":-1}},"64":{"start":{"line":408,"column":0},"end":{"line":null,"column":-1}},"65":{"start":{"line":409,"column":0},"end":{"line":null,"column":-1}},"66":{"start":{"line":411,"column":0},"end":{"line":null,"column":-1}},"67":{"start":{"line":412,"column":0},"end":{"line":null,"column":-1}},"68":{"start":{"line":417,"column":0},"end":{"line":null,"column":-1}},"69":{"start":{"line":418,"column":0},"end":{"line":null,"column":-1}},"70":{"start":{"line":420,"column":0},"end":{"line":null,"column":-1}},"71":{"start":{"line":421,"column":0},"end":{"line":null,"column":-1}},"72":{"start":{"line":433,"column":0},"end":{"line":null,"column":-1}},"73":{"start":{"line":434,"column":0},"end":{"line":null,"column":-1}},"74":{"start":{"line":432,"column":0},"end":{"line":null,"column":-1}},"75":{"start":{"line":435,"column":0},"end":{"line":437,"column":0}},"76":{"start":{"line":435,"column":0},"end":{"line":null,"column":-1}},"77":{"start":{"line":436,"column":0},"end":{"line":null,"column":-1}},"78":{"start":{"line":438,"column":0},"end":{"line":null,"column":-1}},"79":{"start":{"line":439,"column":0},"end":{"line":null,"column":-1}},"80":{"start":{"line":440,"column":0},"end":{"line":null,"column":-1}},"81":{"start":{"line":441,"column":0},"end":{"line":null,"column":-1}},"82":{"start":{"line":442,"column":0},"end":{"line":null,"column":-1}},"83":{"start":{"line":444,"column":0},"end":{"line":null,"column":-1}},"84":{"start":{"line":445,"column":0},"end":{"line":null,"column":-1}},"85":{"start":{"line":446,"column":0},"end":{"line":null,"column":-1}},"86":{"start":{"line":447,"column":0},"end":{"line":null,"column":-1}},"87":{"start":{"line":448,"column":0},"end":{"line":null,"column":-1}},"88":{"start":{"line":449,"column":0},"end":{"line":463,"column":0}},"89":{"start":{"line":451,"column":0},"end":{"line":453,"column":0}},"90":{"start":{"line":452,"column":0},"end":{"line":null,"column":-1}},"91":{"start":{"line":456,"column":0},"end":{"line":458,"column":0}},"92":{"start":{"line":457,"column":0},"end":{"line":null,"column":-1}},"93":{"start":{"line":460,"column":0},"end":{"line":462,"column":0}},"94":{"start":{"line":461,"column":0},"end":{"line":null,"column":-1}},"95":{"start":{"line":465,"column":0},"end":{"line":467,"column":0}},"96":{"start":{"line":466,"column":0},"end":{"line":null,"column":-1}},"97":{"start":{"line":471,"column":0},"end":{"line":null,"column":-1}},"98":{"start":{"line":470,"column":0},"end":{"line":null,"column":-1}},"99":{"start":{"line":472,"column":0},"end":{"line":474,"column":0}},"100":{"start":{"line":472,"column":0},"end":{"line":null,"column":-1}},"101":{"start":{"line":473,"column":0},"end":{"line":null,"column":-1}},"102":{"start":{"line":475,"column":0},"end":{"line":null,"column":-1}},"103":{"start":{"line":476,"column":0},"end":{"line":null,"column":-1}},"104":{"start":{"line":477,"column":0},"end":{"line":null,"column":-1}},"105":{"start":{"line":478,"column":0},"end":{"line":null,"column":-1}},"106":{"start":{"line":480,"column":0},"end":{"line":null,"column":-1}},"107":{"start":{"line":481,"column":0},"end":{"line":null,"column":-1}},"108":{"start":{"line":482,"column":0},"end":{"line":null,"column":-1}},"109":{"start":{"line":483,"column":0},"end":{"line":null,"column":-1}},"110":{"start":{"line":484,"column":0},"end":{"line":null,"column":-1}},"111":{"start":{"line":486,"column":0},"end":{"line":488,"column":0}},"112":{"start":{"line":487,"column":0},"end":{"line":null,"column":-1}},"113":{"start":{"line":490,"column":0},"end":{"line":492,"column":0}},"114":{"start":{"line":491,"column":0},"end":{"line":null,"column":-1}},"115":{"start":{"line":496,"column":0},"end":{"line":null,"column":-1}},"116":{"start":{"line":521,"column":0},"end":{"line":null,"column":-1}},"117":{"start":{"line":522,"column":0},"end":{"line":null,"column":-1}},"118":{"start":{"line":526,"column":0},"end":{"line":null,"column":-1}},"119":{"start":{"line":503,"column":0},"end":{"line":null,"column":-1}},"120":{"start":{"line":527,"column":0},"end":{"line":574,"column":0}},"121":{"start":{"line":527,"column":0},"end":{"line":null,"column":-1}},"122":{"start":{"line":528,"column":0},"end":{"line":null,"column":-1}},"123":{"start":{"line":529,"column":0},"end":{"line":null,"column":-1}},"124":{"start":{"line":530,"column":0},"end":{"line":573,"column":0}},"125":{"start":{"line":531,"column":0},"end":{"line":null,"column":-1}},"126":{"start":{"line":530,"column":0},"end":{"line":null,"column":-1}},"127":{"start":{"line":532,"column":0},"end":{"line":536,"column":0}},"128":{"start":{"line":532,"column":0},"end":{"line":null,"column":-1}},"129":{"start":{"line":533,"column":0},"end":{"line":535,"column":0}},"130":{"start":{"line":534,"column":0},"end":{"line":null,"column":-1}},"131":{"start":{"line":537,"column":0},"end":{"line":null,"column":-1}},"132":{"start":{"line":538,"column":0},"end":{"line":573,"column":0}},"133":{"start":{"line":539,"column":0},"end":{"line":null,"column":-1}},"134":{"start":{"line":538,"column":0},"end":{"line":null,"column":-1}},"135":{"start":{"line":540,"column":0},"end":{"line":544,"column":0}},"136":{"start":{"line":540,"column":0},"end":{"line":null,"column":-1}},"137":{"start":{"line":541,"column":0},"end":{"line":543,"column":0}},"138":{"start":{"line":542,"column":0},"end":{"line":null,"column":-1}},"139":{"start":{"line":545,"column":0},"end":{"line":null,"column":-1}},"140":{"start":{"line":546,"column":0},"end":{"line":573,"column":0}},"141":{"start":{"line":547,"column":0},"end":{"line":null,"column":-1}},"142":{"start":{"line":546,"column":0},"end":{"line":null,"column":-1}},"143":{"start":{"line":548,"column":0},"end":{"line":552,"column":0}},"144":{"start":{"line":548,"column":0},"end":{"line":null,"column":-1}},"145":{"start":{"line":549,"column":0},"end":{"line":551,"column":0}},"146":{"start":{"line":550,"column":0},"end":{"line":null,"column":-1}},"147":{"start":{"line":553,"column":0},"end":{"line":null,"column":-1}},"148":{"start":{"line":554,"column":0},"end":{"line":573,"column":0}},"149":{"start":{"line":555,"column":0},"end":{"line":null,"column":-1}},"150":{"start":{"line":556,"column":0},"end":{"line":null,"column":-1}},"151":{"start":{"line":557,"column":0},"end":{"line":null,"column":-1}},"152":{"start":{"line":558,"column":0},"end":{"line":null,"column":-1}},"153":{"start":{"line":559,"column":0},"end":{"line":null,"column":-1}},"154":{"start":{"line":560,"column":0},"end":{"line":573,"column":0}},"155":{"start":{"line":561,"column":0},"end":{"line":null,"column":-1}},"156":{"start":{"line":562,"column":0},"end":{"line":null,"column":-1}},"157":{"start":{"line":563,"column":0},"end":{"line":null,"column":-1}},"158":{"start":{"line":564,"column":0},"end":{"line":null,"column":-1}},"159":{"start":{"line":565,"column":0},"end":{"line":null,"column":-1}},"160":{"start":{"line":566,"column":0},"end":{"line":null,"column":-1}},"161":{"start":{"line":567,"column":0},"end":{"line":572,"column":0}},"162":{"start":{"line":567,"column":0},"end":{"line":null,"column":-1}},"163":{"start":{"line":568,"column":0},"end":{"line":571,"column":0}},"164":{"start":{"line":569,"column":0},"end":{"line":null,"column":-1}},"165":{"start":{"line":570,"column":0},"end":{"line":null,"column":-1}},"166":{"start":{"line":575,"column":0},"end":{"line":null,"column":-1}},"167":{"start":{"line":577,"column":0},"end":{"line":null,"column":-1}},"168":{"start":{"line":580,"column":0},"end":{"line":null,"column":-1}},"169":{"start":{"line":581,"column":0},"end":{"line":null,"column":-1}},"170":{"start":{"line":582,"column":0},"end":{"line":null,"column":-1}},"171":{"start":{"line":583,"column":0},"end":{"line":null,"column":-1}},"172":{"start":{"line":584,"column":0},"end":{"line":null,"column":-1}},"173":{"start":{"line":587,"column":0},"end":{"line":null,"column":-1}},"174":{"start":{"line":588,"column":0},"end":{"line":null,"column":-1}},"175":{"start":{"line":589,"column":0},"end":{"line":null,"column":-1}},"176":{"start":{"line":590,"column":0},"end":{"line":null,"column":-1}},"177":{"start":{"line":591,"column":0},"end":{"line":null,"column":-1}},"178":{"start":{"line":592,"column":0},"end":{"line":null,"column":-1}},"179":{"start":{"line":597,"column":0},"end":{"line":605,"column":0}},"180":{"start":{"line":598,"column":0},"end":{"line":null,"column":-1}},"181":{"start":{"line":599,"column":0},"end":{"line":605,"column":0}},"182":{"start":{"line":600,"column":0},"end":{"line":null,"column":-1}},"183":{"start":{"line":601,"column":0},"end":{"line":605,"column":0}},"184":{"start":{"line":602,"column":0},"end":{"line":null,"column":-1}},"185":{"start":{"line":604,"column":0},"end":{"line":null,"column":-1}}},"fnMap":{"0":{"name":"data","decl":{"start":{"line":91,"column":0},"end":{"line":null,"column":-1}},"loc":{"start":{"line":91,"column":0},"end":{"line":218,"column":0}}},"1":{"name":"formatTextLength","decl":{"start":{"line":221,"column":0},"end":{"line":null,"column":-1}},"loc":{"start":{"line":221,"column":0},"end":{"line":235,"column":0}}},"2":{"name":"init","decl":{"start":{"line":238,"column":0},"end":{"line":null,"column":-1}},"loc":{"start":{"line":238,"column":0},"end":{"line":242,"column":0}}},"3":{"name":"getKnowledges","decl":{"start":{"line":244,"column":0},"end":{"line":null,"column":-1}},"loc":{"start":{"line":244,"column":0},"end":{"line":285,"column":0}}},"4":{"name":"(anonymous_6)","decl":{"start":{"line":245,"column":0},"end":{"line":null,"column":-1}},"loc":{"start":{"line":245,"column":0},"end":{"line":284,"column":0}}},"5":{"name":"(anonymous_7)","decl":{"start":{"line":284,"column":0},"end":{"line":null,"column":-1}},"loc":{"start":{"line":284,"column":0},"end":{"line":null,"column":-1}}},"6":{"name":"getCategories","decl":{"start":{"line":287,"column":0},"end":{"line":null,"column":-1}},"loc":{"start":{"line":287,"column":0},"end":{"line":294,"column":0}}},"7":{"name":"(anonymous_9)","decl":{"start":{"line":288,"column":0},"end":{"line":null,"column":-1}},"loc":{"start":{"line":288,"column":0},"end":{"line":293,"column":0}}},"8":{"name":"getUsers","decl":{"start":{"line":296,"column":0},"end":{"line":null,"column":-1}},"loc":{"start":{"line":296,"column":0},"end":{"line":303,"column":0}}},"9":{"name":"(anonymous_11)","decl":{"start":{"line":297,"column":0},"end":{"line":null,"column":-1}},"loc":{"start":{"line":297,"column":0},"end":{"line":302,"column":0}}},"10":{"name":"showFilter","decl":{"start":{"line":305,"column":0},"end":{"line":null,"column":-1}},"loc":{"start":{"line":305,"column":0},"end":{"line":307,"column":0}}},"11":{"name":"filterSelectChange","decl":{"start":{"line":309,"column":0},"end":{"line":null,"column":-1}},"loc":{"start":{"line":309,"column":0},"end":{"line":311,"column":0}}},"12":{"name":"handleClose","decl":{"start":{"line":313,"column":0},"end":{"line":null,"column":-1}},"loc":{"start":{"line":313,"column":0},"end":{"line":316,"column":0}}},"13":{"name":"handleInputConfirm","decl":{"start":{"line":318,"column":0},"end":{"line":null,"column":-1}},"loc":{"start":{"line":318,"column":0},"end":{"line":359,"column":0}}},"14":{"name":"filterCancel","decl":{"start":{"line":361,"column":0},"end":{"line":null,"column":-1}},"loc":{"start":{"line":361,"column":0},"end":{"line":367,"column":0}}},"15":{"name":"handleSearchConfirm","decl":{"start":{"line":369,"column":0},"end":{"line":null,"column":-1}},"loc":{"start":{"line":369,"column":0},"end":{"line":379,"column":0}}},"16":{"name":"filtersearchChange","decl":{"start":{"line":381,"column":0},"end":{"line":null,"column":-1}},"loc":{"start":{"line":381,"column":0},"end":{"line":383,"column":0}}},"17":{"name":"goKnowledgeDetail","decl":{"start"
[...]
,"end":{"line":null,"column":-1}},"53":{"start":{"line":215,"column":0},"end":{"line":null,"column":-1}},"54":{"start":{"line":216,"column":0},"end":{"line":null,"column":-1}},"55":{"start":{"line":217,"column":0},"end":{"line":null,"column":-1}},"56":{"start":{"line":218,"column":0},"end":{"line":null,"column":-1}},"57":{"start":{"line":219,"column":0},"end":{"line":null,"column":-1}},"58":{"start":{"line":220,"column":0},"end":{"line":null,"column":-1}},"59":{"start":{"line":221,"column":0},"end":{"line":null,"column":-1}},"60":{"start":{"line":222,"column":0},"end":{"line":null,"column":-1}},"61":{"start":{"line":223,"column":0},"end":{"line":225,"column":0}},"62":{"start":{"line":224,"column":0},"end":{"line":null,"column":-1}},"63":{"start":{"line":226,"column":0},"end":{"line":null,"column":-1}},"64":{"start":{"line":229,"column":0},"end":{"line":null,"column":-1}}},"fnMap":{"0":{"name":"data","decl":{"start":{"line":27,"column":0},"end":{"line":null,"column":-1}},"loc":{"start":{"line":27,"column":0},"end":{"line":91,"column":0}}},"1":{"name":"handleClose","decl":{"start":{"line":93,"column":0},"end":{"line":null,"column":-1}},"loc":{"start":{"line":93,"column":0},"end":{"line":96,"column":0}}},"2":{"name":"showInput","decl":{"start":{"line":97,"column":0},"end":{"line":null,"column":-1}},"loc":{"start":{"line":97,"column":0},"end":{"line":102,"column":0}}},"3":{"name":"(anonymous_5)","decl":{"start":{"line":99,"column":0},"end":{"line":null,"column":-1}},"loc":{"start":{"line":99,"column":0},"end":{"line":101,"column":0}}},"4":{"name":"handleInputConfirm","decl":{"start":{"line":104,"column":0},"end":{"line":null,"column":-1}},"loc":{"start":{"line":104,"column":0},"end":{"line":111,"column":0}}},"5":{"name":"goIncidentDetail","decl":{"start":{"line":112,"column":0},"end":{"line":null,"column":-1}},"loc":{"start":{"line":112,"column":0},"end":{"line":125,"column":0}}},"6":{"name":"search","decl":{"start":{"line":126,"column":0},"end":{"line":null,"column":-1}},"loc":{"start":{"line":126,"column":0},"end":{"line":129,"column":0}}},"7":{"name":"currentChange","decl":{"start":{"line":130,"column":0},"end":{"line":null,"column":-1}},"loc":{"start":{"line":130,"column":0},"end":{"line":134,"column":0}}},"8":{"name":"pageSizeChange","decl":{"start":{"line":135,"column":0},"end":{"line":null,"column":-1}},"loc":{"start":{"line":135,"column":0},"end":{"line":140,"column":0}}},"9":{"name":"prevClick","decl":{"start":{"line":141,"column":0},"end":{"line":null,"column":-1}},"loc":{"start":{"line":141,"column":0},"end":{"line":143,"column":0}}},"10":{"name":"nextClick","decl":{"start":{"line":144,"column":0},"end":{"line":null,"column":-1}},"loc":{"start":{"line":144,"column":0},"end":{"line":146,"column":0}}},"11":{"name":"getIncidents","decl":{"start":{"line":149,"column":0},"end":{"line":null,"column":-1}},"loc":{"start":{"line":149,"column":0},"end":{"line":154,"column":0}}},"12":{"name":"(anonymous_14)","decl":{"start":{"line":150,"column":0},"end":{"line":null,"column":-1}},"loc":{"start":{"line":150,"column":0},"end":{"line":153,"column":0}}},"13":{"name":"getStatuses","decl":{"start":{"line":157,"column":0},"end":{"line":null,"column":-1}},"loc":{"start":{"line":157,"column":0},"end":{"line":161,"column":0}}},"14":{"name":"(anonymous_16)","decl":{"start":{"line":158,"column":0},"end":{"line":null,"column":-1}},"loc":{"start":{"line":158,"column":0},"end":{"line":160,"column":0}}},"15":{"name":"getStatusColor","decl":{"start":{"line":166,"column":0},"end":{"line":null,"column":-1}},"loc":{"start":{"line":166,"column":0},"end":{"line":178,"column":0}}},"16":{"name":"paginate","decl":{"start":{"line":182,"column":0},"end":{"line":null,"column":-1}},"loc":{"start":{"line":182,"column":0},"end":{"line":191,"column":0}}},"17":{"name":"created","decl":{"start":{"line":193,"column":0},"end":{"line":null,"column":-1}},"loc":{"start":{"line":193,"column":0},"end":{"line":196,"column":0}}},"18":{"name":"mounted","decl":{"start":{"line":197,"column":0},"end":{"line":null,"column":-1}},"loc":{"start":{"line":197,"column":0},"end":{"line":null,"column":-1}}},"19":{"name":"incidents","decl":{"start":{"line":206,"column":0},"end":{"line":null,"column":-1}},"loc":{"start":{"line":206,"column":0},"end":{"line":230,"column":0}}}},"branchMap":{"0":{"loc":{"start":{"line":106,"column":0},"end":{"line":108,"column":0}},"type":"if","locations":[{"start":{"line":106,"column":0},"end":{"line":108,"column":0}},{"start":{"line":106,"column":0},"end":{"line":108,"column":0}}]},"1":{"loc":{"start":{"line":117,"column":0},"end":{"line":124,"column":0}},"type":"if","locations":[{"start":{"line":117,"column":0},"end":{"line":124,"column":0}},{"start":{"line":117,"column":0},"end":{"line":124,"column":0}}]},"2":{"loc":{"start":{"line":168,"column":0},"end":{"line":170,"column":0}},"type":"if","locations":[{"start":{"line":168,"column":0},"end":{"line":170,"column":0}},{"start":{"line":168,"column":0},"end":{"line":170,"column":0}}]},"3":{"loc":{"start":{"line":168,"column":0},"end":{"line":null,"column":-1}},"type":"binary-expr","locations":[{"start":{"line":168,"column":0},"end":{"line":null,"column":-1}},{"start":{"line":168,"column":0},"end":{"line":null,"column":-1}}]},"4":{"loc":{"start":{"line":173,"column":0},"end":{"line":175,"column":0}},"type":"if","locations":[{"start":{"line":173,"column":0},"end":{"line":175,"column":0}},{"start":{"line":173,"column":0},"end":{"line":175,"column":0}}]},"5":{"loc":{"start":{"line":166,"column":0},"end":{"line":null,"column":-1}},"type":"if","locations":[{"start":{"line":166,"column":0},"end":{"line":null,"column":-1}},{"start":{"line":166,"column":0},"end":{"line":null,"column":-1}}]},"6":{"loc":{"start":{"line":185,"column":0},"end":{"line":189,"column":0}},"type":"if","locations":[{"start":{"line":185,"column":0},"end":{"line":189,"column":0}},{"start":{"line":185,"column":0},"end":{"line":189,"column":0}}]},"7":{"loc":{"start":{"line":207,"column":0},"end":{"line":209,"column":0}},"type":"if","locations":[{"start":{"line":207,"column":0},"end":{"line":209,"column":0}},{"start":{"line":207,"column":0},"end":{"line":209,"column":0}}]},"8":{"loc":{"start":{"line":221,"column":0},"end":{"line":null,"column":-1}},"type":"cond-expr","locations":[{"start":{"line":221,"column":0},"end":{"line":null,"column":-1}},{"start":{"line":221,"column":0},"end":{"line":null,"column":-1}}]},"9":{"loc":{"start":{"line":222,"column":0},"end":{"line":null,"column":-1}},"type":"cond-expr","locations":[{"start":{"line":222,"column":0},"end":{"line":null,"column":-1}},{"start":{"line":222,"column":0},"end":{"line":null,"column":-1}}]},"10":{"loc":{"start":{"line":223,"column":0},"end":{"line":225,"column":0}},"type":"if","locations":[{"start":{"line":223,"column":0},"end":{"line":225,"column":0}},{"start":{"line":223,"column":0},"end":{"line":225,"column":0}}]},"11":{"loc":{"start":{"line":206,"column":0},"end":{"line":null,"column":-1}},"type":"if","locations":[{"start":{"line":206,"column":0},"end":{"line":null,"column":-1}},{"start":{"line":206,"column":0},"end":{"line":null,"column":-1}}]}},"s":{"0":0,"1":0,"2":0,"3":0,"4":0,"5":0,"6":0,"7":0,"8":0,"9":0,"10":0,"11":0,"12":0,"13":0,"14":0,"15":0,"16":0,"17":0,"18":0,"19":0,"20":0,"21":0,"22":0,"23":0,"24":0,"25":0,"26":0,"27":0,"28":0,"29":0,"30":0,"31":0,"32":0,"33":0,"34":0,"35":0,"36":0,"37":0,"38":0,"39":0,"40":0,"41":0,"42":0,"43":0,"44":0,"45":0,"46":0,"47":0,"48":0,"49":0,"50":0,"51":0,"52":0,"53":0,"54":0,"55":0,"56":0,"57":0,"58":0,"59":0,"60":0,"61":0,"62":0,"63":0,"64":0},"f":{"0":0,"1":0,"2":0,"3":0,"4":0,"5":0,"6":0,"7":0,"8":0,"9":0,"10":0,"11":0,"12":0,"13":0,"14":0,"15":0,"16":0,"17":0,"18":0,"19":0},"b":{"0":[0,0],"1":[0,0],"2":[0,0],"3":[0,0],"4":[0,0],"5":[0,0],"6":[0,0],"7":[0,0],"8":[0,0],"9":[0,0],"10":[0,0],"11":[0,0]}}
,"C:\\Users\\G8235\\project\\本番コード\\frontend\\connect.TIME\\src\\components\\pages\\common\\CommentDetail.vue": {"path":"C:\\Users\\G8235\\project\\本番コード\\frontend\\connect.TIME\\src\\components\\pages\\common\\CommentDetail.vue","statementMap":{"0":{"start":{"line":55,"column":0},"end":{"line":null,"column":-1}},"1":{"start":{"line":56,"column":0},"end":{"line":null,"column":-1}},"2":{"start":{"line":73,"column":0},"end":{"line":null,"column":-1}},"3":{"start":{"line":79,"column":0},"end":{"line":null,"column":-1}},"4":{"start":{"line":80,"column":0},"end":{"line":null,"column":-1}},"5":{"start":{"line":81,"column":0},"end":{"line":null,"column":-1}},"6":{"start":{"line":85,"column":0},"end":{"line":null,"column":-1}},"7":{"start":{"line":89,"column":0},"end":{"line":null,"column":-1}},"8":{"start":{"line":91,"column":0},"end":{"line":null,"column":-1}},"9":{"start":{"line":92,"column":0},"end":{"line":null,"column":-1}},"10":{"start":{"line":93,"column":0},"end":{"line":95,"column":0}},"11":{"start":{"line":94,"column":0},"end":{"line":null,"column":-1}},"12":{"start":{"line":98,"column":0},"end":{"line":null,"column":-1}},"13":{"start":{"line":101,"column":0},"end":{"line":null,"column":-1}},"14":{"start":{"line":104,"column":0},"end":{"line":null,"column":-1}},"15":{"start":{"line":107,"column":0},"end":{"line":null,"column":-1}}},"fnMap":{"0":{"name":"data","decl":{"start":{"line":72,"column":0},"end":{"line":null,"column":-1}},"loc":{"start":{"line":72,"column":0},"end":{"line":76,"column":0}}},"1":{"name":"isEdited","decl":{"start":{"line":78,"column":0},"end":{"line":null,"column":-1}},"loc":{"start":{"line":78,"column":0},"end":{"line":82,"column":0}}},"2":{"name":"created","decl":{"start":{"line":84,"column":0},"end":{"line":null,"column":-1}},"loc":{"start":{"line":84,"column":0},"end":{"line":86,"column":0}}},"3":{"name":"formatTime","decl":{"start":{"line":88,"column":0},"end":{"line":null,"column":-1}},"loc":{"start":{"line":88,"column":0},"end":{"line":90,"column":0}}},"4":{"name":"openForm","decl":{"start":{"line":91,"column":0},"end":{"line":null,"column":-1}},"loc":{"start":{"line":91,"column":0},"end":{"line":96,"column":0}}},"5":{"name":"(anonymous_7)","decl":{"start":{"line":93,"column":0},"end":{"line":null,"column":-1}},"loc":{"start":{"line":93,"column":0},"end":{"line":95,"column":0}}},"6":{"name":"deleteComment","decl":{"start":{"line":97,"column":0},"end":{"line":null,"column":-1}},"loc":{"start":{"line":97,"column":0},"end":{"line":99,"column":0}}},"7":{"name":"saveEditedComment","decl":{"start":{"line":100,"column":0},"end":{"line":null,"column":-1}},"loc":{"start":{"line":100,"column":0},"end":{"line":102,"column":0}}},"8":{"name":"cancelEditedComment","decl":{"start":{"line":103,"column":0},"end":{"line":null,"column":-1}},"loc":{"start":{"line":103,"column":0},"end":{"line":105,"column":0}}},"9":{"name":"closeForm","decl":{"start":{"line":106,"column":0},"end":{"line":null,"column":-1}},"loc":{"start":{"line":106,"column":0},"end":{"line":108,"column":0}}}},"branchMap":{},"s":{"0":0,"1":0,"2":0,"3":0,"4":0,"5":0,"6":0,"7":0,"8":0,"9":0,"10":0,"11":0,"12":0,"13":0,"14":0,"15":0},"f":{"0":0,"1":0,"2":0,"3":0,"4":0,"5":0,"6":0,"7":0,"8":0,"9":0},"b":{}}
,"C:\\Users\\G8235\\project\\本番コード\\frontend\\connect.TIME\\src\\components\\pages\\common\\CommentForm.vue": {"path":"C:\\Users\\G8235\\project\\本番コード\\frontend\\connect.TIME\\src\\components\\pages\\common\\CommentForm.vue","statementMap":{"0":{"start":{"line":39,"column":0},"end":{"line":null,"column":-1}},"1":{"start":{"line":44,"column":0},"end":{"line":null,"column":-1}},"2":{"start":{"line":51,"column":0},"end":{"line":null,"column":-1}},"3":{"start":{"line":54,"column":0},"end":{"line":null,"column":-1}}},"fnMap":{"0":{"name":"data","decl":{"start":{"line":38,"column":0},"end":{"line":null,"column":-1}},"loc":{"start":{"line":38,"column":0},"end":{"line":42,"column":0}}},"1":{"name":"created","decl":{"start":{"line":43,"column":0},"end":{"line":null,"column":-1}},"loc":{"start":{"line":43,"column":0},"end":{"line":45,"column":0}}},"2":{"name":"updated","decl":{"start":{"line":46,"column":0},"end":{"line":null,"column":-1}},"loc":{"start":{"line":46,"column":0},"end":{"line":48,"column":0}}},"3":{"name":"onClickSaveEdit","decl":{"start":{"line":50,"column":0},"end":{"line":null,"column":-1}},"loc":{"start":{"line":50,"column":0},"end":{"line":52,"column":0}}},"4":{"name":"onClickCancelEdit","decl":{"start":{"line":53,"column":0},"end":{"line":null,"column":-1}},"loc":{"start":{"line":53,"column":0},"end":{"line":55,"column":0}}}},"branchMap":{},"s":{"0":0,"1":0,"2":0,"3":0},"f":{"0":0,"1":0,"2":0,"3":0,"4":0},"b":{}}
,"C:\\Users\\G8235\\project\\本番コード\\frontend\\connect.TIME\\src\\components\\pages\\common\\CommonMethods.js": {"path":"C:\\Users\\G8235\\project\\本番コード\\frontend\\connect.TIME\\src\\components\\pages\\common\\CommonMethods.js","statementMap":{"0":{"start":{"line":11,"column":10},"end":{"line":11,"column":69}},"1":{"start":{"line":16,"column":2},"end":{"line":16,"column":73}},"2":{"start":{"line":24,"column":16},"end":{"line":70,"column":3}},"3":{"start":{"line":63,"column":6},"end":{"line":68,"column":7}},"4":{"start":{"line":64,"column":8},"end":{"line":64,"column":28}},"5":{"start":{"line":65,"column":8},"end":{"line":67,"column":9}},"6":{"start":{"line":66,"column":10},"end":{"line":66,"column":38}},"7":{"start":{"line":71,"column":14},"end":{"line":71,"column":40}},"8":{"start":{"line":72,"column":2},"end":{"line":72,"column":28}}},"fnMap":{"0":{"name":"formatDatetime","decl":{"start":{"line":10,"column":16},"end":{"line":10,"column":30}},"loc":{"start":{"line":10,"column":38},"end":{"line":17,"column":1}},"line":10},"1":{"name":"xssSanitizer","decl":{"start":{"line":23,"column":16},"end":{"line":23,"column":28}},"loc":{"start":{"line":23,"column":36},"end":{"line":73,"column":1}},"line":23},"2":{"name":"(anonymous_2)","decl":{"start":{"line":60,"column":15},"end":{"line":60,"column":16}},"loc":{"start":{"line":60,"column":56},"end":{"line":69,"column":5}},"line":60}},"branchMap":{"0":{"loc":{"start":{"line":63,"column":6},"end":{"line":68,"column":7}},"type":"if","locations":[{"start":{"line":63,"column":6},"end":{"line":68,"column":7}},{"start":{"line":63,"column":6},"end":{"line":68,"column":7}}],"line":63},"1":{"loc":{"start":{"line":63,"column":10},"end":{"line":63,"column":41}},"type":"binary-expr","locations":[{"start":{"line":63,"column":10},"end":{"line":63,"column":23}},{"start":{"line":63,"column":27},"end":{"line":63,"column":41}}],"line":63},"2":{"loc":{"start":{"line":65,"column":8},"end":{"line":67,"column":9}},"type":"if","locations":[{"start":{"line":65,"column":8},"end":{"line":67,"column":9}},{"start":{"line":65,"column":8},"end":{"line":67,"column":9}}],"line":65},"3":{"loc":{"start":{"line":65,"column":12},"end":{"line":65,"column":165}},"type":"binary-expr","locations":[{"start":{"line":65,"column":12},"end":{"line":65,"column":61}},{"start":{"line":65,"column":65},"end":{"line":65,"column":113}},{"start":{"line":65,"column":117},"end":{"line":65,"column":165}}],"line":65}},"s":{"0":0,"1":0,"2":10,"3":28,"4":5,"5":5,"6":4,"7":10,"8":10},"f":{"0":0,"1":10,"2":28},"b":{"0":[5,23],"1":[28,10],"2":[4,1],"3":[5,4,2]},"_coverageSchema":"332fd63041d2c1bcb487cc26dd0d5f7d97098a6c","hash":"20664f93acee13b7432de200164194e31f593bc1"}
,"C:\\Users\\G8235\\project\\本番コード\\frontend\\connect.TIME\\src\\components\\pages\\common\\DateTable.vue": {"path":"C:\\Users\\G8235\\project\\本番コード\\frontend\\connect.TIME\\src\\components\\pages\\common\\DateTable.vue","statementMap":{"0":{"start":{"line":49,"column":0},"end":{"line":null,"column":-1}}},"fnMap":{"0":{"name":"data","decl":{"start":{"line":48,"column":0},"end":{"line":null,"column":-1}},"loc":{"start":{"line":48,"column":0},"end":{"line":51,"column":0}}}},"branchMap":{},"s":{"0":0},"f":{"0":0},"b":{}}
,"C:\\Users\\G8235\\project\\本番コード\\frontend\\connect.TIME\\src\\components\\pages\\common\\RichText.vue": {"path":"C:\\Users\\G8235\\project\\本番コード\\frontend\\connect.TIME\\src\\components\\pages\\common\\RichText.vue","statementMap":{"0":{"start":{"line":7,"column":0},"end":{"line":null,"column":-1}},"1":{"start":{"line":8,"column":0},"end":{"line":null,"column":-1}},"2":{"start":{"line":15,"column":0},"end":{"line":null,"column":-1}},"3":{"start":{"line":20,"column":0},"end":{"line":null,"column":-1}}},"fnMap":{"0":{"name":"data","decl":{"start":{"line":14,"column":0},"end":{"line":null,"column":-1}},"loc":{"start":{"line":14,"column":0},"end":{"line":17,"column":0}}},"1":{"name":"xss","decl":{"start":{"line":19,"column":0},"end":{"line":null,"column":-1}},"loc":{"start":{"line":19,"column":0},"end":{"line":21,"column":0}}}},"branchMap":{},"s":{"0":0,"1":0,"2":0,"3":0},"f":{"0":0,"1":0},"b":{}}
,"C:\\Users\\G8235\\project\\本番コード\\frontend\\connect.TIME\\src\\components\\pages\\common\\RichTextEditor.vue": {"path":"C:\\Users\\G8235\\project\\本番コード\\frontend\\connect.TIME\\src\\components\\pages\\common\\RichTextEditor.vue","statementMap":{"0":{"start":{"line":19,"column":0},"end":{"line":null,"column":-1}},"1":{"start":{"line":21,"column":0},"end":{"line":null,"column":-1}},"2":{"start":{"line":23,"column":0},"end":{"line":null,"column":-1}},"3":{"start":{"line":24,"column":0},"end":{"line":null,"column":-1}},"4":{"start":{"line":25,"column":0},"end":{"line":null,"column":-1}},"5":{"start":{"line":26,"column":0},"end":{"line":null,"column":-1}},"6":{"start":{"line":27,"column":0},"end":{"line":null,"column":-1}},"7":{"start":{"line":39,"column":0},"end":{"line":null,"column":-1}},"8":{"start":{"line":80,"column":0},"end":{"line":null,"column":-1}},"9":{"start":{"line":95,"column":0},"end":{"line":null,"column":-1}},"10":{"start":{"line":96,"column":0},"end":{"line":null,"column":-1}}},"fnMap":{"0":{"name":"data","decl":{"start":{"line":38,"column":0},"end":{"line":null,"column":-1}},"loc":{"start":{"line":38,"column":0},"end":{"line":77,"column":0}}},"1":{"name":"xss","decl":{"start":{"line":79,"column":0},"end":{"line":null,"column":-1}},"loc":{"start":{"line":79,"column":0},"end":{"line":81,"column":0}}},"2":{"name":"onEditorLoad","decl":{"start":{"line":84,"column":0},"end":{"line":null,"column":-1}},"loc":{"start":{"line":84,"column":0},"end":{"line":86,"column":0}}},"3":{"name":"onEditorFocus","decl":{"start":{"line":87,"column":0},"end":{"line":null,"column":-1}},"loc":{"start":{"line":87,"column":0},"end":{"line":89,"column":0}}},"4":{"name":"onEditorBlur","decl":{"start":{"line":90,"column":0},"end":{"line":null,"column":-1}},"loc":{"start":{"line":90,"column":0},"end":{"line":93,"column":0}}},"5":{"name":"onEditorChange","decl":{"start":{"line":94,"column":0},"end":{"line":null,"column":-1}},"loc":{"start":{"line":94,"column":0},"end":{"line":97,"column":0}}},"6":{"name":"onEditorStateChange","decl":{"start":{"line":98,"column":0},"end":{"line":null,"column":-1}},"loc":{"start":{"line":98,"column":0},"end":{"line":100,"column":0}}}},"branchMap":{},"s":{"0":1,"1":1,"2":1,"3":1,"4":1,"5":1,"6":1,"7":1,"8":1,"9":0,"10":0},"f":{"0":1,"1":1,"2":0,"3":0,"4":0,"5":0,"6":0},"b":{}}
,"C:\\Users\\G8235\\project\\本番コード\\frontend\\connect.TIME\\src\\store\\index.js": {"path":"C:\\Users\\G8235\\project\\本番コード\\frontend\\connect.TIME\\src\\store\\index.js","statementMap":{"0":{"start":{"line":8,"column":0},"end":{"line":8,"column":13}},"1":{"start":{"line":10,"column":14},"end":{"line":14,"column":2}}},"fnMap":{},"branchMap":{},"s":{"0":2,"1":2},"f":{},"b":{},"_coverageSchema":"332fd63041d2c1bcb487cc26dd0d5f7d97098a6c","hash":"597f395343051cffa9a77460999c4a5e04ec0a62"}
,"C:\\Users\\G8235\\project\\本番コード\\frontend\\connect.TIME\\src\\store\\modules\\tzdeal.js": {"path":"C:\\Users\\G8235\\project\\本番コード\\frontend\\connect.TIME\\src\\store\\modules\\tzdeal.js","statementMap":{"0":{"start":{"line":4,"column":17},"end":{"line":17,"column":1}},"1":{"start":{"line":10,"column":6},"end":{"line":10,"column":24}}},"fnMap":{},"branchMap":{},"s":{"0":2,"1":0},"f":{},"b":{},"_coverageSchema":"332fd63041d2c1bcb487cc26dd0d5f7d97098a6c","hash":"d74c8a7f858043ed697397b75dce049332f5eb5f"}
}
