TN:
SF:C:\Users\G8235\project\本番コード\frontend\connect.TIME\src\components\common\EventHub.js
FNF:0
FNH:0
DA:3,0
DA:5,0
LF:2
LH:0
BRF:0
BRH:0
end_of_record
TN:
SF:C:\Users\G8235\project\本番コード\frontend\connect.TIME\src\components\common\TimeHeader.vue
FN:21,data
FN:28,openMenu
FN:32,inputEnter
FN:35,editAccount
FN:39,created
FN:40,(anonymous_7)
FN:44,mounted
FNF:7
FNH:0
FNDA:0,data
FNDA:0,openMenu
FNDA:0,inputEnter
FNDA:0,editAccount
FNDA:0,created
FNDA:0,(anonymous_7)
FNDA:0,mounted
DA:18,0
DA:22,0
DA:29,0
DA:30,0
DA:33,0
DA:36,0
DA:39,0
DA:40,0
DA:41,0
LF:9
LH:0
BRF:0
BRH:0
end_of_record
TN:
SF:C:\Users\G8235\project\本番コード\frontend\connect.TIME\src\components\common\TimeHome.vue
FN:22,data
FN:30,created
FN:31,(anonymous_4)
FN:35,mounted
FNF:4
FNH:0
FNDA:0,data
FNDA:0,created
FNDA:0,(anonymous_4)
FNDA:0,mounted
DA:13,0
DA:14,0
DA:15,0
DA:23,0
DA:30,0
DA:31,0
DA:32,0
LF:7
LH:0
BRF:0
BRH:0
end_of_record
TN:
SF:C:\Users\G8235\project\本番コード\frontend\connect.TIME\src\components\common\TimeSidebar.vue
FN:36,data
FN:71,closeMenu
FN:75,handleOpen
FN:78,handleClose
FN:82,created
FN:83,(anonymous_7)
FN:87,mounted
FN:93,onRoutes
FNF:8
FNH:0
FNDA:0,data
FNDA:0,closeMenu
FNDA:0,handleOpen
FNDA:0,handleClose
FNDA:0,created
FNDA:0,(anonymous_7)
FNDA:0,mounted
FNDA:0,onRoutes
DA:33,0
DA:37,0
DA:72,0
DA:73,0
DA:76,0
DA:79,0
DA:82,0
DA:83,0
DA:84,0
DA:94,0
LF:10
LH:0
BRF:0
BRH:0
end_of_record
TN:
SF:C:\Users\G8235\project\本番コード\frontend\connect.TIME\src\components\pages\Dashboard.vue
FN:10,data
FN:18,created
FN:21,mounted
FNF:3
FNH:0
FNDA:0,data
FNDA:0,created
FNDA:0,mounted
DA:11,0
LF:1
LH:0
BRF:0
BRH:0
end_of_record
TN:
SF:C:\Users\G8235\project\本番コード\frontend\connect.TIME\src\components\pages\IncidentsDetail.vue
FN:143,data
FN:296,takeOutRootcause
FN:311,takeRootcause
FN:327,init
FN:337,getIncidentDetail
FN:338,(anonymous_6)
FN:350,(anonymous_7)
FN:357,patchIncidentDetail
FN:377,(anonymous_9)
FN:379,(anonymous_10)
FN:382,getStatuses
FN:383,(anonymous_12)
FN:404,(anonymous_13)
FN:410,(anonymous_14)
FN:417,getPriorities
FN:418,(anonymous_16)
FN:433,(anonymous_17)
FN:439,(anonymous_18)
FN:446,getUsers
FN:447,(anonymous_20)
FN:462,(anonymous_21)
FN:468,(anonymous_22)
FN:475,getComments
FN:476,(anonymous_24)
FN:495,(anonymous_25)
FN:508,(anonymous_26)
FN:515,getEvents
FN:516,(anonymous_28)
FN:536,(anonymous_29)
FN:543,formatTime
FN:547,statusChange
FN:552,priorityChange
FN:557,dateChange
FN:562,assignChange
FN:567,handleClick
FN:571,currentChange
FN:577,showEdit
FN:579,(anonymous_38)
FN:584,saveAddComment
FN:589,(anonymous_40)
FN:599,(anonymous_41)
FN:605,cancelAddComment
FN:610,inputEnter
FN:614,created
FN:617,mounted
FN:620,statusValue
FN:622,(anonymous_47)
FN:627,(anonymous_48)
FN:636,get
FN:642,set
FNF:50
FNH:0
FNDA:0,data
FNDA:0,takeOutRootcause
FNDA:0,takeRootcause
FNDA:0,init
FNDA:0,getIncidentDetail
FNDA:0,(anonymous_6)
FNDA:0,(anonymous_7)
FNDA:0,patchIncidentDetail
FNDA:0,(anonymous_9)
FNDA:0,(anonymous_10)
FNDA:0,getStatuses
FNDA:0,(anonymous_12)
FNDA:0,(anonymous_13)
FNDA:0,(anonymous_14)
FNDA:0,getPriorities
FNDA:0,(anonymous_16)
FNDA:0,(anonymous_17)
FNDA:0,(anonymous_18)
FNDA:0,getUsers
FNDA:0,(anonymous_20)
FNDA:0,(anonymous_21)
FNDA:0,(anonymous_22)
FNDA:0,getComments
FNDA:0,(anonymous_24)
FNDA:0,(anonymous_25)
FNDA:0,(anonymous_26)
FNDA:0,getEvents
FNDA:0,(anonymous_28)
FNDA:0,(anonymous_29)
FNDA:0,formatTime
FNDA:0,statusChange
FNDA:0,priorityChange
FNDA:0,dateChange
FNDA:0,assignChange
FNDA:0,handleClick
FNDA:0,currentChange
FNDA:0,showEdit
FNDA:0,(anonymous_38)
FNDA:0,saveAddComment
FNDA:0,(anonymous_40)
FNDA:0,(anonymous_41)
FNDA:0,cancelAddComment
FNDA:0,inputEnter
FNDA:0,created
FNDA:0,mounted
FNDA:0,statusValue
FNDA:0,(anonymous_47)
FNDA:0,(anonymous_48)
FNDA:0,get
FNDA:0,set
DA:140,0
DA:144,0
DA:297,0
DA:298,0
DA:300,0
DA:301,0
DA:302,0
DA:303,0
DA:304,0
DA:306,0
DA:312,0
DA:313,0
DA:315,0
DA:316,0
DA:317,0
DA:318,0
DA:319,0
DA:321,0
DA:329,0
DA:330,0
DA:331,0
DA:332,0
DA:333,0
DA:334,0
DA:337,0
DA:338,0
DA:342,0
DA:343,0
DA:344,0
DA:345,0
DA:346,0
DA:353,0
DA:357,0
DA:358,0
DA:359,0
DA:360,0
DA:362,0
DA:363,0
DA:364,0
DA:366,0
DA:367,0
DA:368,0
DA:370,0
DA:371,0
DA:372,0
DA:374,0
DA:377,0
DA:378,0
DA:379,0
DA:382,0
DA:383,0
DA:387,0
DA:393,0
DA:394,0
DA:395,0
DA:396,0
DA:404,0
DA:405,0
DA:413,0
DA:417,0
DA:418,0
DA:422,0
DA:423,0
DA:424,0
DA:425,0
DA:426,0
DA:433,0
DA:434,0
DA:442,0
DA:446,0
DA:447,0
DA:451,0
DA:452,0
DA:453,0
DA:454,0
DA:455,0
DA:462,0
DA:463,0
DA:471,0
DA:475,0
DA:476,0
DA:480,0
DA:483,0
DA:484,0
DA:485,0
DA:486,0
DA:487,0
DA:495,0
DA:496,0
DA:499,0
DA:500,0
DA:501,0
DA:503,0
DA:511,0
DA:515,0
DA:516,0
DA:520,0
DA:523,0
DA:524,0
DA:525,0
DA:526,0
DA:527,0
DA:528,0
DA:530,0
DA:539,0
DA:544,0
DA:549,0
DA:554,0
DA:558,0
DA:559,0
DA:564,0
DA:568,0
DA:572,0
DA:573,0
DA:574,0
DA:577,0
DA:578,0
DA:579,0
DA:580,0
DA:584,0
DA:585,0
DA:587,0
DA:593,0
DA:594,0
DA:595,0
DA:597,0
DA:599,0
DA:601,0
DA:602,0
DA:606,0
DA:607,0
DA:611,0
DA:615,0
DA:621,0
DA:622,0
DA:623,0
DA:624,0
DA:627,0
DA:628,0
DA:629,0
DA:637,0
DA:638,0
DA:643,0
LF:143
LH:0
BRDA:297,0,0,0
BRDA:297,0,1,0
BRDA:301,1,0,0
BRDA:301,1,1,0
BRDA:312,2,0,0
BRDA:312,2,1,0
BRDA:316,3,0,0
BRDA:316,3,1,0
BRDA:342,4,0,0
BRDA:342,4,1,0
BRDA:361,5,0,0
BRDA:361,5,1,0
BRDA:361,5,2,0
BRDA:361,5,3,0
BRDA:378,6,0,0
BRDA:378,6,1,0
BRDA:387,7,0,0
BRDA:387,7,1,0
BRDA:422,8,0,0
BRDA:422,8,1,0
BRDA:451,9,0,0
BRDA:451,9,1,0
BRDA:480,10,0,0
BRDA:480,10,1,0
BRDA:484,11,0,0
BRDA:484,11,1,0
BRDA:500,12,0,0
BRDA:500,12,1,0
BRDA:520,13,0,0
BRDA:520,13,1,0
BRDA:526,14,0,0
BRDA:526,14,1,0
BRDA:527,15,0,0
BRDA:527,15,1,0
BRDA:528,16,0,0
BRDA:528,16,1,0
BRDA:530,17,0,0
BRDA:530,17,1,0
BRDA:585,18,0,0
BRDA:585,18,1,0
BRDA:593,19,0,0
BRDA:593,19,1,0
BRDA:623,20,0,0
BRDA:623,20,1,0
BRDA:637,21,0,0
BRDA:637,21,1,0
BRF:46
BRH:0
end_of_record
TN:
SF:C:\Users\G8235\project\本番コード\frontend\connect.TIME\src\components\pages\KnowledgeDetail.vue
FN:109,data
FN:142,created
FN:148,goEditPage
FN:153,formatTime
FN:158,currentChange
FN:165,showEdit
FN:167,(anonymous_8)
FN:173,saveAddComment
FN:178,(anonymous_10)
FN:188,(anonymous_11)
FN:195,cancelAddComment
FN:201,getKnowledge
FN:202,(anonymous_14)
FN:222,(anonymous_15)
FN:230,getComments
FN:233,(anonymous_17)
FN:250,(anonymous_18)
FN:257,openCommentForm
FN:262,closeCommentForm
FN:267,updateComment
FN:269,(anonymous_22)
FN:279,(anonymous_23)
FN:286,deleteCommentConfirm
FN:298,deleteComment
FN:300,(anonymous_28)
FN:308,(anonymous_29)
FNF:26
FNH:0
FNDA:0,data
FNDA:0,created
FNDA:0,goEditPage
FNDA:0,formatTime
FNDA:0,currentChange
FNDA:0,showEdit
FNDA:0,(anonymous_8)
FNDA:0,saveAddComment
FNDA:0,(anonymous_10)
FNDA:0,(anonymous_11)
FNDA:0,cancelAddComment
FNDA:0,getKnowledge
FNDA:0,(anonymous_14)
FNDA:0,(anonymous_15)
FNDA:0,getComments
FNDA:0,(anonymous_17)
FNDA:0,(anonymous_18)
FNDA:0,openCommentForm
FNDA:0,closeCommentForm
FNDA:0,updateComment
FNDA:0,(anonymous_22)
FNDA:0,(anonymous_23)
FNDA:0,deleteCommentConfirm
FNDA:0,deleteComment
FNDA:0,(anonymous_28)
FNDA:0,(anonymous_29)
DA:99,0
DA:100,0
DA:101,0
DA:102,0
DA:110,0
DA:143,0
DA:144,0
DA:149,0
DA:154,0
DA:159,0
DA:160,0
DA:161,0
DA:165,0
DA:166,0
DA:167,0
DA:168,0
DA:173,0
DA:174,0
DA:175,0
DA:176,0
DA:181,0
DA:182,0
DA:183,0
DA:184,0
DA:186,0
DA:188,0
DA:190,0
DA:191,0
DA:196,0
DA:197,0
DA:201,0
DA:202,0
DA:204,0
DA:205,0
DA:206,0
DA:207,0
DA:219,0
DA:220,0
DA:224,0
DA:225,0
DA:230,0
DA:231,0
DA:232,0
DA:241,0
DA:242,0
DA:243,0
DA:244,0
DA:245,0
DA:247,0
DA:248,0
DA:252,0
DA:258,0
DA:263,0
DA:267,0
DA:268,0
DA:269,0
DA:271,0
DA:272,0
DA:273,0
DA:274,0
DA:276,0
DA:277,0
DA:281,0
DA:286,0
DA:293,0
DA:298,0
DA:299,0
DA:300,0
DA:302,0
DA:303,0
DA:305,0
DA:306,0
DA:310,0
LF:73
LH:0
BRDA:174,0,0,0
BRDA:174,0,1,0
BRDA:182,1,0,0
BRDA:182,1,1,0
BRDA:204,2,0,0
BRDA:204,2,1,0
BRDA:241,3,0,0
BRDA:241,3,1,0
BRDA:271,4,0,0
BRDA:271,4,1,0
BRDA:286,5,0,0
BRDA:286,5,1,0
BRDA:286,5,2,0
BRDA:286,5,3,0
BRDA:286,5,4,0
BRDA:302,6,0,0
BRDA:302,6,1,0
BRF:17
BRH:0
end_of_record
TN:
SF:C:\Users\G8235\project\本番コード\frontend\connect.TIME\src\components\pages\KnowledgeEdit.vue
FN:84,data
FN:105,created
FN:113,mounted
FN:117,checkPageMode
FN:122,onClickCancel
FN:133,onClickSave
FN:145,onClickDelete
FN:146,(anonymous_9)
FN:153,(anonymous_10)
FN:159,onProblemDetailsChange
FN:162,onContentChange
FN:165,checkForm
FN:188,getCategories
FN:189,(anonymous_15)
FN:193,getKnowledge
FN:194,(anonymous_17)
FN:211,(anonymous_18)
FN:217,postKnowledge
FN:219,(anonymous_20)
FN:239,(anonymous_21)
FN:245,patchKnowledge
FN:246,(anonymous_23)
FN:265,(anonymous_24)
FN:271,deleteKnowledge
FN:272,(anonymous_26)
FN:281,(anonymous_27)
FN:288,deleteStore
FN:293,getData
FN:331,handler
FNF:29
FNH:0
FNDA:0,data
FNDA:0,created
FNDA:0,mounted
FNDA:0,checkPageMode
FNDA:0,onClickCancel
FNDA:0,onClickSave
FNDA:0,onClickDelete
FNDA:0,(anonymous_9)
FNDA:0,(anonymous_10)
FNDA:0,onProblemDetailsChange
FNDA:0,onContentChange
FNDA:0,checkForm
FNDA:0,getCategories
FNDA:0,(anonymous_15)
FNDA:0,getKnowledge
FNDA:0,(anonymous_17)
FNDA:0,(anonymous_18)
FNDA:0,postKnowledge
FNDA:0,(anonymous_20)
FNDA:0,(anonymous_21)
FNDA:0,patchKnowledge
FNDA:0,(anonymous_23)
FNDA:0,(anonymous_24)
FNDA:0,deleteKnowledge
FNDA:0,(anonymous_26)
FNDA:0,(anonymous_27)
FNDA:0,deleteStore
FNDA:0,getData
FNDA:0,handler
DA:78,0
DA:85,0
DA:106,0
DA:107,0
DA:111,0
DA:118,0
DA:119,0
DA:124,0
DA:125,0
DA:127,0
DA:130,0
DA:134,0
DA:135,0
DA:137,0
DA:138,0
DA:140,0
DA:143,0
DA:145,0
DA:146,0
DA:152,0
DA:157,0
DA:160,0
DA:163,0
DA:166,0
DA:167,0
DA:168,0
DA:171,0
DA:172,0
DA:173,0
DA:176,0
DA:177,0
DA:178,0
DA:181,0
DA:182,0
DA:183,0
DA:186,0
DA:188,0
DA:189,0
DA:190,0
DA:193,0
DA:194,0
DA:196,0
DA:197,0
DA:206,0
DA:208,0
DA:209,0
DA:213,0
DA:214,0
DA:217,0
DA:218,0
DA:219,0
DA:226,0
DA:227,0
DA:228,0
DA:229,0
DA:236,0
DA:237,0
DA:242,0
DA:245,0
DA:246,0
DA:253,0
DA:254,0
DA:255,0
DA:262,0
DA:263,0
DA:268,0
DA:271,0
DA:272,0
DA:274,0
DA:275,0
DA:276,0
DA:278,0
DA:279,0
DA:284,0
DA:289,0
DA:290,0
DA:294,0
DA:295,0
DA:296,0
DA:297,0
DA:306,0
DA:307,0
DA:309,0
DA:310,0
DA:312,0
DA:315,0
DA:317,0
DA:318,0
DA:322,0
DA:323,0
DA:332,0
DA:333,0
DA:340,0
DA:341,0
DA:342,0
DA:343,0
DA:344,0
DA:345,0
LF:98
LH:0
BRDA:118,0,0,0
BRDA:118,0,1,0
BRDA:125,1,0,0
BRDA:125,1,1,0
BRDA:134,2,0,0
BRDA:134,2,1,0
BRDA:137,3,0,0
BRDA:137,3,1,0
BRDA:166,4,0,0
BRDA:166,4,1,0
BRDA:171,5,0,0
BRDA:171,5,1,0
BRDA:176,6,0,0
BRDA:176,6,1,0
BRDA:181,7,0,0
BRDA:181,7,1,0
BRDA:196,8,0,0
BRDA:196,8,1,0
BRDA:226,9,0,0
BRDA:226,9,1,0
BRDA:253,10,0,0
BRDA:253,10,1,0
BRDA:274,11,0,0
BRDA:274,11,1,0
BRDA:289,12,0,0
BRDA:289,12,1,0
BRDA:294,13,0,0
BRDA:294,13,1,0
BRDA:306,14,0,0
BRDA:306,14,1,0
BRDA:307,15,0,0
BRDA:307,15,1,0
BRDA:315,16,0,0
BRDA:315,16,1,0
BRDA:322,17,0,0
BRDA:322,17,1,0
BRDA:332,18,0,0
BRDA:332,18,1,0
BRDA:341,19,0,0
BRDA:341,19,1,0
BRF:40
BRH:0
end_of_record
TN:
SF:C:\Users\G8235\project\本番コード\frontend\connect.TIME\src\components\pages\KnowledgeList.vue
FN:91,data
FN:221,formatTextLength
FN:238,init
FN:244,getKnowledges
FN:245,(anonymous_6)
FN:284,(anonymous_7)
FN:287,getCategories
FN:288,(anonymous_9)
FN:296,getUsers
FN:297,(anonymous_11)
FN:305,showFilter
FN:309,filterSelectChange
FN:313,handleClose
FN:318,handleInputConfirm
FN:361,filterCancel
FN:369,handleSearchConfirm
FN:381,filtersearchChange
FN:385,goKnowledgeDetail
FN:400,goAddKnowledge
FN:406,currentChange
FN:415,pageSizeChange
FN:423,prevClick
FN:427,nextClick
FN:432,checkTag
FN:470,checkAll
FN:495,created
FN:498,mounted
FN:503,tags
FN:596,filterSelectType
FNF:29
FNH:0
FNDA:0,data
FNDA:0,formatTextLength
FNDA:0,init
FNDA:0,getKnowledges
FNDA:0,(anonymous_6)
FNDA:0,(anonymous_7)
FNDA:0,getCategories
FNDA:0,(anonymous_9)
FNDA:0,getUsers
FNDA:0,(anonymous_11)
FNDA:0,showFilter
FNDA:0,filterSelectChange
FNDA:0,handleClose
FNDA:0,handleInputConfirm
FNDA:0,filterCancel
FNDA:0,handleSearchConfirm
FNDA:0,filtersearchChange
FNDA:0,goKnowledgeDetail
FNDA:0,goAddKnowledge
FNDA:0,currentChange
FNDA:0,pageSizeChange
FNDA:0,prevClick
FNDA:0,nextClick
FNDA:0,checkTag
FNDA:0,checkAll
FNDA:0,created
FNDA:0,mounted
FNDA:0,tags
FNDA:0,filterSelectType
DA:84,0
DA:85,0
DA:92,0
DA:222,0
DA:223,0
DA:224,0
DA:225,0
DA:227,0
DA:228,0
DA:229,0
DA:230,0
DA:232,0
DA:239,0
DA:240,0
DA:241,0
DA:244,0
DA:245,0
DA:249,0
DA:267,0
DA:268,0
DA:269,0
DA:270,0
DA:271,0
DA:282,0
DA:284,0
DA:287,0
DA:288,0
DA:290,0
DA:291,0
DA:296,0
DA:297,0
DA:299,0
DA:300,0
DA:306,0
DA:315,0
DA:320,0
DA:335,0
DA:336,0
DA:339,0
DA:340,0
DA:341,0
DA:342,0
DA:345,0
DA:346,0
DA:347,0
DA:348,0
DA:351,0
DA:352,0
DA:353,0
DA:354,0
DA:357,0
DA:362,0
DA:363,0
DA:364,0
DA:365,0
DA:366,0
DA:372,0
DA:373,0
DA:374,0
DA:375,0
DA:377,0
DA:390,0
DA:391,0
DA:401,0
DA:408,0
DA:409,0
DA:411,0
DA:412,0
DA:417,0
DA:418,0
DA:420,0
DA:421,0
DA:432,0
DA:433,0
DA:434,0
DA:435,0
DA:436,0
DA:438,0
DA:439,0
DA:440,0
DA:441,0
DA:442,0
DA:444,0
DA:445,0
DA:446,0
DA:447,0
DA:448,0
DA:449,0
DA:451,0
DA:452,0
DA:456,0
DA:457,0
DA:460,0
DA:461,0
DA:465,0
DA:466,0
DA:470,0
DA:471,0
DA:472,0
DA:473,0
DA:475,0
DA:476,0
DA:477,0
DA:478,0
DA:480,0
DA:481,0
DA:482,0
DA:483,0
DA:484,0
DA:486,0
DA:487,0
DA:490,0
DA:491,0
DA:496,0
DA:503,0
DA:521,0
DA:522,0
DA:526,0
DA:527,0
DA:528,0
DA:529,0
DA:530,0
DA:531,0
DA:532,0
DA:533,0
DA:534,0
DA:537,0
DA:538,0
DA:539,0
DA:540,0
DA:541,0
DA:542,0
DA:545,0
DA:546,0
DA:547,0
DA:548,0
DA:549,0
DA:550,0
DA:553,0
DA:554,0
DA:555,0
DA:556,0
DA:557,0
DA:558,0
DA:559,0
DA:560,0
DA:561,0
DA:562,0
DA:563,0
DA:564,0
DA:565,0
DA:566,0
DA:567,0
DA:568,0
DA:569,0
DA:570,0
DA:575,0
DA:577,0
DA:580,0
DA:581,0
DA:582,0
DA:583,0
DA:584,0
DA:587,0
DA:588,0
DA:589,0
DA:590,0
DA:591,0
DA:592,0
DA:597,0
DA:598,0
DA:599,0
DA:600,0
DA:601,0
DA:602,0
DA:604,0
LF:176
LH:0
BRDA:222,0,0,0
BRDA:222,0,1,0
BRDA:223,1,0,0
BRDA:223,1,1,0
BRDA:224,2,0,0
BRDA:224,2,1,0
BRDA:228,3,0,0
BRDA:228,3,1,0
BRDA:249,4,0,0
BRDA:249,4,1,0
BRDA:290,5,0,0
BRDA:290,5,1,0
BRDA:299,6,0,0
BRDA:299,6,1,0
BRDA:333,7,0,0
BRDA:333,7,1,0
BRDA:333,7,2,0
BRDA:333,7,3,0
BRDA:373,8,0,0
BRDA:373,8,1,0
BRDA:390,9,0,0
BRDA:390,9,1,0
BRDA:433,10,0,0
BRDA:433,10,1,0
BRDA:432,11,0,0
BRDA:432,11,1,0
BRDA:449,12,0,0
BRDA:449,12,1,0
BRDA:451,13,0,0
BRDA:451,13,1,0
BRDA:451,14,0,0
BRDA:451,14,1,0
BRDA:451,14,2,0
BRDA:451,14,3,0
BRDA:456,15,0,0
BRDA:456,15,1,0
BRDA:456,16,0,0
BRDA:456,16,1,0
BRDA:460,17,0,0
BRDA:460,17,1,0
BRDA:460,18,0,0
BRDA:460,18,1,0
BRDA:460,18,2,0
BRDA:460,18,3,0
BRDA:465,19,0,0
BRDA:465,19,1,0
BRDA:465,20,0,0
BRDA:465,20,1,0
BRDA:465,20,2,0
BRDA:465,20,3,0
BRDA:465,20,4,0
BRDA:465,20,5,0
BRDA:470,21,0,0
BRDA:470,21,1,0
BRDA:486,22,0,0
BRDA:486,22,1,0
BRDA:487,23,0,0
BRDA:487,23,1,0
BRDA:487,24,0,0
BRDA:487,24,1,0
BRDA:487,24,2,0
BRDA:487,24,3,0
BRDA:490,25,0,0
BRDA:490,25,1,0
BRDA:491,26,0,0
BRDA:491,26,1,0
BRDA:491,27,0,0
BRDA:491,27,1,0
BRDA:491,27,2,0
BRDA:491,27,3,0
BRDA:491,27,4,0
BRDA:530,28,0,0
BRDA:530,28,1,0
BRDA:533,29,0,0
BRDA:533,29,1,0
BRDA:530,30,0,0
BRDA:530,30,1,0
BRDA:538,31,0,0
BRDA:538,31,1,0
BRDA:541,32,0,0
BRDA:541,32,1,0
BRDA:538,33,0,0
BRDA:538,33,1,0
BRDA:546,34,0,0
BRDA:546,34,1,0
BRDA:549,35,0,0
BRDA:549,35,1,0
BRDA:546,36,0,0
BRDA:546,36,1,0
BRDA:554,37,0,0
BRDA:554,37,1,0
BRDA:560,38,0,0
BRDA:560,38,1,0
BRDA:568,39,0,0
BRDA:568,39,1,0
BRDA:566,40,0,0
BRDA:566,40,1,0
BRDA:503,41,0,0
BRDA:503,41,1,0
BRDA:584,42,0,0
BRDA:584,42,1,0
BRDA:584,43,0,0
BRDA:584,43,1,0
BRDA:584,43,2,0
BRDA:592,44,0,0
BRDA:592,44,1,0
BRDA:597,45,0,0
BRDA:597,45,1,0
BRDA:599,46,0,0
BRDA:599,46,1,0
BRDA:599,47,0,0
BRDA:599,47,1,0
BRDA:601,48,0,0
BRDA:601,48,1,0
BRDA:601,49,0,0
BRDA:601,49,1,0
BRF:116
BRH:0
end_of_record
TN:
SF:C:\Users\G8235\project\本番コード\frontend\connect.TIME\src\components\pages\Login.vue
FN:11,data
FN:19,created
FN:22,mounted
FNF:3
FNH:0
FNDA:0,data
FNDA:0,created
FNDA:0,mounted
DA:12,0
LF:1
LH:0
BRF:0
BRH:0
end_of_record
TN:
SF:C:\Users\G8235\project\本番コード\frontend\connect.TIME\src\components\pages\NotFound.vue
FN:10,data
FN:18,created
FN:21,mounted
FNF:3
FNH:0
FNDA:0,data
FNDA:0,created
FNDA:0,mounted
DA:11,0
LF:1
LH:0
BRF:0
BRH:0
end_of_record
TN:
SF:C:\Users\G8235\project\本番コード\frontend\connect.TIME\src\components\pages\OtherIncidents.vue
FN:10,data
FN:18,created
FN:21,mounted
FNF:3
FNH:0
FNDA:0,data
FNDA:0,created
FNDA:0,mounted
DA:11,0
LF:1
LH:0
BRF:0
BRH:0
end_of_record
TN:
SF:C:\Users\G8235\project\本番コード\frontend\connect.TIME\src\components\pages\SelfIncidents.vue
FN:27,data
FN:93,handleClose
FN:97,showInput
FN:99,(anonymous_5)
FN:104,handleInputConfirm
FN:112,goIncidentDetail
FN:126,search
FN:130,currentChange
FN:135,pageSizeChange
FN:141,prevClick
FN:144,nextClick
FN:149,getIncidents
FN:150,(anonymous_14)
FN:157,getStatuses
FN:158,(anonymous_16)
FN:166,getStatusColor
FN:182,paginate
FN:193,created
FN:197,mounted
FN:206,incidents
FNF:20
FNH:0
FNDA:0,data
FNDA:0,handleClose
FNDA:0,showInput
FNDA:0,(anonymous_5)
FNDA:0,handleInputConfirm
FNDA:0,goIncidentDetail
FNDA:0,search
FNDA:0,currentChange
FNDA:0,pageSizeChange
FNDA:0,prevClick
FNDA:0,nextClick
FNDA:0,getIncidents
FNDA:0,(anonymous_14)
FNDA:0,getStatuses
FNDA:0,(anonymous_16)
FNDA:0,getStatusColor
FNDA:0,paginate
FNDA:0,created
FNDA:0,mounted
FNDA:0,incidents
DA:20,0
DA:21,0
DA:28,0
DA:94,0
DA:95,0
DA:97,0
DA:98,0
DA:99,0
DA:100,0
DA:105,0
DA:106,0
DA:107,0
DA:109,0
DA:110,0
DA:117,0
DA:118,0
DA:127,0
DA:128,0
DA:131,0
DA:132,0
DA:133,0
DA:136,0
DA:137,0
DA:149,0
DA:150,0
DA:152,0
DA:157,0
DA:158,0
DA:159,0
DA:166,0
DA:167,0
DA:168,0
DA:169,0
DA:172,0
DA:173,0
DA:174,0
DA:177,0
DA:183,0
DA:184,0
DA:185,0
DA:186,0
DA:188,0
DA:190,0
DA:194,0
DA:195,0
DA:206,0
DA:207,0
DA:208,0
DA:211,0
DA:212,0
DA:214,0
DA:215,0
DA:216,0
DA:217,0
DA:218,0
DA:219,0
DA:220,0
DA:221,0
DA:222,0
DA:223,0
DA:224,0
DA:226,0
DA:229,0
LF:63
LH:0
BRDA:106,0,0,0
BRDA:106,0,1,0
BRDA:117,1,0,0
BRDA:117,1,1,0
BRDA:168,2,0,0
BRDA:168,2,1,0
BRDA:168,3,0,0
BRDA:168,3,1,0
BRDA:173,4,0,0
BRDA:173,4,1,0
BRDA:166,5,0,0
BRDA:166,5,1,0
BRDA:185,6,0,0
BRDA:185,6,1,0
BRDA:207,7,0,0
BRDA:207,7,1,0
BRDA:221,8,0,0
BRDA:221,8,1,0
BRDA:222,9,0,0
BRDA:222,9,1,0
BRDA:223,10,0,0
BRDA:223,10,1,0
BRDA:206,11,0,0
BRDA:206,11,1,0
BRF:24
BRH:0
end_of_record
TN:
SF:C:\Users\G8235\project\本番コード\frontend\connect.TIME\src\components\pages\common\CommentDetail.vue
FN:72,data
FN:78,isEdited
FN:84,created
FN:88,formatTime
FN:91,openForm
FN:93,(anonymous_7)
FN:97,deleteComment
FN:100,saveEditedComment
FN:103,cancelEditedComment
FN:106,closeForm
FNF:10
FNH:0
FNDA:0,data
FNDA:0,isEdited
FNDA:0,created
FNDA:0,formatTime
FNDA:0,openForm
FNDA:0,(anonymous_7)
FNDA:0,deleteComment
FNDA:0,saveEditedComment
FNDA:0,cancelEditedComment
FNDA:0,closeForm
DA:55,0
DA:56,0
DA:73,0
DA:79,0
DA:80,0
DA:81,0
DA:85,0
DA:89,0
DA:91,0
DA:92,0
DA:93,0
DA:94,0
DA:98,0
DA:101,0
DA:104,0
DA:107,0
LF:16
LH:0
BRF:0
BRH:0
end_of_record
TN:
SF:C:\Users\G8235\project\本番コード\frontend\connect.TIME\src\components\pages\common\CommentForm.vue
FN:38,data
FN:43,created
FN:46,updated
FN:50,onClickSaveEdit
FN:53,onClickCancelEdit
FNF:5
FNH:0
FNDA:0,data
FNDA:0,created
FNDA:0,updated
FNDA:0,onClickSaveEdit
FNDA:0,onClickCancelEdit
DA:39,0
DA:44,0
DA:51,0
DA:54,0
LF:4
LH:0
BRF:0
BRH:0
end_of_record
TN:
SF:C:\Users\G8235\project\本番コード\frontend\connect.TIME\src\components\pages\common\CommonMethods.js
FN:10,formatDatetime
FN:23,xssSanitizer
FN:60,(anonymous_2)
FNF:3
FNH:2
FNDA:0,formatDatetime
FNDA:10,xssSanitizer
FNDA:28,(anonymous_2)
DA:11,0
DA:16,0
DA:24,10
DA:63,28
DA:64,5
DA:65,5
DA:66,4
DA:71,10
DA:72,10
LF:9
LH:7
BRDA:63,0,0,5
BRDA:63,0,1,23
BRDA:63,1,0,28
BRDA:63,1,1,10
BRDA:65,2,0,4
BRDA:65,2,1,1
BRDA:65,3,0,5
BRDA:65,3,1,4
BRDA:65,3,2,2
BRF:9
BRH:9
end_of_record
TN:
SF:C:\Users\G8235\project\本番コード\frontend\connect.TIME\src\components\pages\common\DateTable.vue
FN:48,data
FNF:1
FNH:0
FNDA:0,data
DA:49,0
LF:1
LH:0
BRF:0
BRH:0
end_of_record
TN:
SF:C:\Users\G8235\project\本番コード\frontend\connect.TIME\src\components\pages\common\RichText.vue
FN:14,data
FN:19,xss
FNF:2
FNH:0
FNDA:0,data
FNDA:0,xss
DA:7,0
DA:8,0
DA:15,0
DA:20,0
LF:4
LH:0
BRF:0
BRH:0
end_of_record
TN:
SF:C:\Users\G8235\project\本番コード\frontend\connect.TIME\src\components\pages\common\RichTextEditor.vue
FN:38,data
FN:79,xss
FN:84,onEditorLoad
FN:87,onEditorFocus
FN:90,onEditorBlur
FN:94,onEditorChange
FN:98,onEditorStateChange
FNF:7
FNH:2
FNDA:1,data
FNDA:1,xss
FNDA:0,onEditorLoad
FNDA:0,onEditorFocus
FNDA:0,onEditorBlur
FNDA:0,onEditorChange
FNDA:0,onEditorStateChange
DA:19,1
DA:21,1
DA:23,1
DA:24,1
DA:25,1
DA:26,1
DA:27,1
DA:39,1
DA:80,1
DA:95,0
DA:96,0
LF:11
LH:9
BRF:0
BRH:0
end_of_record
TN:
SF:C:\Users\G8235\project\本番コード\frontend\connect.TIME\src\store\index.js
FNF:0
FNH:0
DA:8,2
DA:10,2
LF:2
LH:2
BRF:0
BRH:0
end_of_record
TN:
SF:C:\Users\G8235\project\本番コード\frontend\connect.TIME\src\store\modules\tzdeal.js
FNF:0
FNH:0
DA:4,2
DA:10,0
LF:2
LH:1
BRF:0
BRH:0
end_of_record
